TN:
SF:src/cli.ts
FN:6,main
FNF:1
FNH:1
FNDA:2,main
DA:3,1
DA:4,1
DA:6,2
DA:7,2
DA:9,2
DA:10,2
DA:11,2
DA:12,2
DA:13,2
DA:14,2
DA:15,1
DA:16,0
DA:17,2
DA:18,0
DA:19,0
DA:20,0
DA:21,2
DA:23,1
LF:18
LH:14
BRDA:6,0,0,2
BRDA:14,1,0,1
BRDA:15,2,0,0
BRDA:17,3,0,0
BRDA:15,4,0,1
BRF:5
BRH:3
end_of_record
TN:
SF:src/commandHandler.ts
FN:7,createSuccessResult
FN:8,createErrorResult
FN:23,categorizeFilesByType
FN:46,buildStatusDisplay
FN:64,handleHealthCommand
FN:76,handleInitializeCommand
FN:86,handleUpdateCommand
FN:113,handleWriteCommand
FN:134,handleStatusCommand
FN:181,CommandHandler
FN:187,processMemoryCommand
FN:209,executeCommand
FN:234,parseMemoryCommand
FN:253,getHelpText
FN:267,processModesCommand
FNF:15
FNH:14
FNDA:10,createSuccessResult
FNDA:9,createErrorResult
FNDA:3,categorizeFilesByType
FNDA:3,buildStatusDisplay
FNDA:2,handleHealthCommand
FNDA:4,handleInitializeCommand
FNDA:6,handleUpdateCommand
FNDA:0,handleWriteCommand
FNDA:5,handleStatusCommand
FNDA:25,CommandHandler
FNDA:23,processMemoryCommand
FNDA:19,executeCommand
FNDA:21,parseMemoryCommand
FNDA:4,getHelpText
FNDA:2,processModesCommand
DA:2,1
DA:4,1
DA:7,1
DA:8,1
DA:9,9
DA:10,9
DA:11,9
DA:12,9
DA:15,1
DA:16,1
DA:17,1
DA:18,1
DA:19,1
DA:20,1
DA:21,1
DA:23,3
DA:24,3
DA:25,3
DA:26,15
DA:27,15
DA:28,15
DA:29,3
DA:30,3
DA:32,3
DA:33,9
DA:34,9
DA:36,9
DA:37,9
DA:38,9
DA:39,0
DA:40,0
DA:41,9
DA:43,3
DA:44,3
DA:46,3
DA:47,3
DA:49,3
DA:50,1
DA:51,1
DA:53,3
DA:54,15
DA:55,15
DA:56,9
DA:57,9
DA:58,15
DA:60,3
DA:61,3
DA:64,2
DA:65,2
DA:67,2
DA:68,1
DA:69,1
DA:70,1
DA:71,1
DA:73,1
DA:74,1
DA:76,4
DA:77,4
DA:78,4
DA:79,3
DA:80,2
DA:81,2
DA:82,2
DA:83,2
DA:84,4
DA:86,6
DA:87,6
DA:88,6
DA:89,6
DA:90,6
DA:91,1
DA:92,1
DA:93,1
DA:94,1
DA:96,5
DA:97,5
DA:99,6
DA:100,1
DA:101,1
DA:102,1
DA:103,1
DA:105,4
DA:106,4
DA:107,2
DA:108,2
DA:109,2
DA:110,2
DA:111,6
DA:113,0
DA:114,0
DA:115,0
DA:116,0
DA:117,0
DA:118,0
DA:119,0
DA:120,0
DA:121,0
DA:123,0
DA:124,0
DA:126,0
DA:127,0
DA:128,0
DA:129,0
DA:130,0
DA:131,0
DA:132,0
DA:134,5
DA:135,5
DA:136,5
DA:137,5
DA:139,5
DA:140,1
DA:141,1
DA:142,1
DA:143,1
DA:144,1
DA:145,1
DA:146,1
DA:148,4
DA:150,5
DA:151,1
DA:152,1
DA:153,1
DA:154,1
DA:156,3
DA:157,3
DA:158,3
DA:159,3
DA:160,3
DA:164,3
DA:165,1
DA:166,1
DA:167,3
DA:169,3
DA:170,3
DA:171,3
DA:173,5
DA:174,0
DA:175,0
DA:177,3
DA:178,3
DA:180,1
DA:181,1
DA:187,1
DA:188,23
DA:189,2
DA:190,2
DA:192,21
DA:193,23
DA:194,2
DA:195,2
DA:197,19
DA:198,19
DA:199,19
DA:200,23
DA:201,0
DA:202,0
DA:203,0
DA:204,23
DA:209,1
DA:210,19
DA:211,19
DA:212,1
DA:213,19
DA:214,5
DA:215,19
DA:216,6
DA:217,19
DA:218,19
DA:219,4
DA:220,19
DA:221,2
DA:222,19
DA:223,0
DA:224,19
DA:225,1
DA:226,1
DA:227,1
DA:228,19
DA:229,19
DA:234,1
DA:235,21
DA:237,21
DA:238,2
DA:239,2
DA:242,19
DA:244,19
DA:245,19
DA:247,21
DA:248,21
DA:253,1
DA:254,4
DA:261,4
DA:267,1
DA:268,2
DA:269,1
DA:270,1
DA:273,1
DA:274,2
DA:275,1
LF:200
LH:174
BRDA:7,0,0,10
BRDA:8,1,0,9
BRDA:23,2,0,3
BRDA:32,3,0,9
BRDA:33,4,0,7
BRDA:33,5,0,2
BRDA:34,6,0,8
BRDA:34,7,0,1
BRDA:38,8,0,0
BRDA:25,9,0,15
BRDA:46,10,0,3
BRDA:49,11,0,1
BRDA:53,12,0,15
BRDA:55,13,0,9
BRDA:64,14,0,2
BRDA:67,15,0,1
BRDA:76,16,0,4
BRDA:78,17,0,3
BRDA:79,18,0,2
BRDA:86,19,0,6
BRDA:90,20,0,1
BRDA:94,21,0,5
BRDA:99,22,0,1
BRDA:103,23,0,4
BRDA:106,24,0,2
BRDA:134,25,0,5
BRDA:139,26,0,1
BRDA:146,27,0,4
BRDA:150,28,0,1
BRDA:154,29,0,3
BRDA:164,30,0,1
BRDA:173,31,0,0
BRDA:175,32,0,3
BRDA:181,33,0,25
BRDA:187,34,0,23
BRDA:188,35,0,2
BRDA:190,36,0,21
BRDA:193,37,0,2
BRDA:195,38,0,19
BRDA:200,39,0,0
BRDA:209,40,0,19
BRDA:211,41,0,1
BRDA:213,42,0,5
BRDA:215,43,0,6
BRDA:217,44,0,2
BRDA:218,45,0,4
BRDA:220,46,0,2
BRDA:222,47,0,0
BRDA:224,48,0,1
BRDA:234,49,0,21
BRDA:237,50,0,2
BRDA:239,51,0,19
BRDA:247,52,0,0
BRDA:253,53,0,4
BRDA:267,54,0,2
BRDA:268,55,0,1
BRF:56
BRH:51
end_of_record
TN:
SF:src/extension.ts
FN:22,parseLogLevel
FN:42,getMemoryBankPath
FN:53,registerCoreServices
FN:139,registerCommands
FN:223,setupConfigurationListeners
FN:242,activate
FN:276,deactivate
FNF:7
FNH:1
FNDA:0,parseLogLevel
FNDA:0,getMemoryBankPath
FNDA:0,registerCoreServices
FNDA:0,registerCommands
FNDA:0,setupConfigurationListeners
FNDA:0,activate
FNDA:1,deactivate
DA:1,1
DA:2,1
DA:3,1
DA:4,1
DA:5,1
DA:6,1
DA:7,1
DA:8,1
DA:9,1
DA:10,1
DA:11,1
DA:12,1
DA:13,1
DA:14,1
DA:16,1
DA:19,1
DA:22,0
DA:23,0
DA:24,0
DA:25,0
DA:26,0
DA:27,0
DA:28,0
DA:29,0
DA:30,0
DA:31,0
DA:32,0
DA:33,0
DA:34,0
DA:35,0
DA:36,0
DA:37,0
DA:42,0
DA:43,0
DA:44,0
DA:45,0
DA:46,0
DA:47,0
DA:48,0
DA:53,0
DA:54,0
DA:55,0
DA:56,0
DA:57,0
DA:58,0
DA:61,0
DA:62,0
DA:64,0
DA:65,0
DA:66,0
DA:67,0
DA:68,0
DA:70,0
DA:71,0
DA:72,0
DA:73,0
DA:74,0
DA:76,0
DA:77,0
DA:78,0
DA:79,0
DA:80,0
DA:81,0
DA:82,0
DA:83,0
DA:84,0
DA:85,0
DA:86,0
DA:87,0
DA:89,0
DA:91,0
DA:92,0
DA:93,0
DA:94,0
DA:95,0
DA:96,0
DA:97,0
DA:98,0
DA:99,0
DA:100,0
DA:101,0
DA:103,0
DA:104,0
DA:105,0
DA:106,0
DA:107,0
DA:108,0
DA:109,0
DA:110,0
DA:111,0
DA:112,0
DA:113,0
DA:115,0
DA:116,0
DA:117,0
DA:118,0
DA:119,0
DA:120,0
DA:121,0
DA:122,0
DA:123,0
DA:124,0
DA:125,0
DA:126,0
DA:127,0
DA:129,0
DA:130,0
DA:131,0
DA:132,0
DA:133,0
DA:134,0
DA:139,0
DA:140,0
DA:141,0
DA:142,0
DA:143,0
DA:144,0
DA:145,0
DA:146,0
DA:147,0
DA:148,0
DA:149,0
DA:150,0
DA:152,0
DA:153,0
DA:154,0
DA:155,0
DA:156,0
DA:157,0
DA:158,0
DA:159,0
DA:160,0
DA:161,0
DA:163,0
DA:164,0
DA:165,0
DA:166,0
DA:167,0
DA:168,0
DA:169,0
DA:170,0
DA:171,0
DA:172,0
DA:173,0
DA:175,0
DA:176,0
DA:177,0
DA:179,0
DA:180,0
DA:181,0
DA:182,0
DA:183,0
DA:184,0
DA:185,0
DA:186,0
DA:187,0
DA:188,0
DA:189,0
DA:191,0
DA:192,0
DA:193,0
DA:194,0
DA:195,0
DA:196,0
DA:197,0
DA:198,0
DA:199,0
DA:200,0
DA:201,0
DA:202,0
DA:203,0
DA:204,0
DA:205,0
DA:206,0
DA:207,0
DA:208,0
DA:209,0
DA:210,0
DA:212,0
DA:213,0
DA:214,0
DA:215,0
DA:217,0
DA:218,0
DA:223,0
DA:224,0
DA:225,0
DA:226,0
DA:227,0
DA:228,0
DA:229,0
DA:230,0
DA:231,0
DA:232,0
DA:233,0
DA:234,0
DA:235,0
DA:236,0
DA:237,0
DA:238,0
DA:242,1
DA:244,0
DA:245,0
DA:246,0
DA:247,0
DA:250,0
DA:251,0
DA:254,0
DA:256,0
DA:259,0
DA:260,0
DA:261,0
DA:263,0
DA:265,0
DA:268,0
DA:269,0
DA:270,0
DA:271,0
DA:272,0
DA:273,0
DA:276,1
DA:279,1
LF:222
LH:19
BRDA:276,0,0,1
BRF:1
BRH:1
end_of_record
TN:
SF:src/core/CacheManager.ts
FN:13,<instance_members_initializer>
FN:32,CacheManager
FN:49,getCachedContent
FN:85,updateCache
FN:120,invalidateCache
FN:141,getStats
FN:149,resetStats
FN:162,cleanupExpiredEntries
FN:187,getCacheUsage
FN:209,updateAccess
FN:221,evictLRU
FN:238,isExpired
FN:245,recordHit
FN:254,recordMiss
FN:263,updateStats
FN:272,formatBytes
FNF:16
FNH:4
FNDA:80,<instance_members_initializer>
FNDA:80,CacheManager
FNDA:0,getCachedContent
FNDA:0,updateCache
FNDA:8,invalidateCache
FNDA:0,getStats
FNDA:0,resetStats
FNDA:0,cleanupExpiredEntries
FNDA:0,getCacheUsage
FNDA:0,updateAccess
FNDA:0,evictLRU
FNDA:0,isExpired
FNDA:0,recordHit
FNDA:0,recordMiss
FNDA:8,updateStats
FNDA:0,formatBytes
DA:13,1
DA:14,80
DA:15,80
DA:16,80
DA:17,80
DA:18,80
DA:20,80
DA:21,80
DA:22,80
DA:23,80
DA:24,80
DA:25,80
DA:26,80
DA:27,80
DA:28,80
DA:29,80
DA:30,80
DA:32,80
DA:33,80
DA:34,80
DA:35,80
DA:36,80
DA:37,80
DA:38,80
DA:39,80
DA:41,80
DA:42,80
DA:43,80
DA:44,80
DA:49,80
DA:50,0
DA:52,0
DA:53,0
DA:54,0
DA:55,0
DA:56,0
DA:59,0
DA:60,0
DA:61,0
DA:62,0
DA:63,0
DA:64,0
DA:67,0
DA:68,0
DA:69,0
DA:70,0
DA:71,0
DA:72,0
DA:75,0
DA:76,0
DA:78,0
DA:79,0
DA:80,0
DA:85,80
DA:86,0
DA:87,0
DA:90,0
DA:91,0
DA:92,0
DA:93,0
DA:94,0
DA:95,0
DA:98,0
DA:99,0
DA:100,0
DA:103,0
DA:104,0
DA:106,0
DA:107,0
DA:108,0
DA:109,0
DA:110,0
DA:111,0
DA:112,0
DA:114,0
DA:115,0
DA:120,80
DA:121,8
DA:122,1
DA:123,1
DA:124,1
DA:125,0
DA:126,0
DA:127,0
DA:128,8
DA:129,7
DA:130,7
DA:131,7
DA:132,7
DA:133,7
DA:134,7
DA:135,8
DA:136,8
DA:141,80
DA:142,0
DA:143,0
DA:144,0
DA:149,80
DA:150,0
DA:151,0
DA:152,0
DA:153,0
DA:154,0
DA:155,0
DA:156,0
DA:157,0
DA:162,80
DA:163,0
DA:164,0
DA:166,0
DA:167,0
DA:168,0
DA:169,0
DA:170,0
DA:171,0
DA:172,0
DA:174,0
DA:175,0
DA:176,0
DA:177,0
DA:178,0
DA:179,0
DA:181,0
DA:182,0
DA:187,80
DA:192,0
DA:193,0
DA:194,0
DA:195,0
DA:196,0
DA:198,0
DA:199,0
DA:200,0
DA:201,0
DA:202,0
DA:203,0
DA:204,0
DA:209,80
DA:210,0
DA:211,0
DA:214,0
DA:215,0
DA:216,0
DA:221,80
DA:222,0
DA:225,0
DA:226,0
DA:227,0
DA:228,0
DA:229,0
DA:230,0
DA:231,0
DA:232,0
DA:233,0
DA:238,80
DA:239,0
DA:240,0
DA:245,80
DA:246,0
DA:247,0
DA:248,0
DA:249,0
DA:254,80
DA:255,0
DA:256,0
DA:257,0
DA:258,0
DA:263,80
DA:264,8
DA:265,8
DA:266,8
DA:267,8
DA:272,80
DA:273,0
DA:274,0
DA:275,0
DA:276,0
DA:277,0
DA:278,0
DA:279,80
LF:180
LH:61
BRDA:13,0,0,80
BRDA:32,1,0,80
BRDA:36,2,0,0
BRDA:37,3,0,0
BRDA:38,4,0,0
BRDA:120,5,0,8
BRDA:121,6,0,1
BRDA:124,7,0,0
BRDA:128,8,0,7
BRDA:263,9,0,8
BRDA:266,10,0,0
BRF:11
BRH:6
end_of_record
TN:
SF:src/core/DIContainer.ts
FN:7,<instance_members_initializer>
FNF:1
FNH:0
FNDA:0,<instance_members_initializer>
DA:7,1
DA:8,0
DA:16,0
DA:17,0
DA:20,0
DA:21,0
DA:22,0
DA:30,0
DA:31,0
DA:33,0
DA:35,0
DA:36,0
DA:38,0
DA:39,0
DA:40,0
DA:41,0
DA:42,0
DA:43,0
DA:46,0
DA:47,0
DA:48,0
DA:49,0
LF:22
LH:1
BRDA:7,0,0,0
BRF:1
BRH:0
end_of_record
TN:
SF:src/core/FileOperationManager.ts
FN:18,<instance_members_initializer>
FN:28,FileOperationManager
FN:50,validatePath
FN:69,readFileWithRetry
FN:91,writeFileWithRetry
FN:113,mkdirWithRetry
FN:138,statWithRetry
FN:160,accessWithRetry
FN:181,withRetry
FN:215,withTimeout
FN:230,isRetryableError
FN:259,createFileError
FN:280,sleep
FNF:13
FNH:8
FNDA:95,<instance_members_initializer>
FNDA:95,FileOperationManager
FNDA:22,validatePath
FNDA:14,readFileWithRetry
FNDA:2,writeFileWithRetry
FNDA:2,mkdirWithRetry
FNDA:2,statWithRetry
FNDA:2,accessWithRetry
FNDA:0,withRetry
FNDA:0,withTimeout
FNDA:0,isRetryableError
FNDA:0,createFileError
FNDA:0,sleep
DA:2,1
DA:3,1
DA:18,1
DA:19,95
DA:20,95
DA:21,95
DA:22,95
DA:23,95
DA:24,95
DA:26,95
DA:28,95
DA:29,95
DA:30,95
DA:31,95
DA:32,95
DA:33,95
DA:34,1
DA:35,1
DA:36,1
DA:37,1
DA:39,95
DA:40,0
DA:41,0
DA:42,95
DA:44,95
DA:45,95
DA:50,95
DA:51,22
DA:52,22
DA:53,22
DA:54,22
DA:55,22
DA:56,22
DA:57,22
DA:58,22
DA:59,22
DA:60,22
DA:61,22
DA:62,22
DA:63,22
DA:69,95
DA:70,14
DA:71,14
DA:72,14
DA:73,0
DA:74,0
DA:75,14
DA:76,14
DA:77,14
DA:78,14
DA:79,14
DA:80,14
DA:81,14
DA:82,14
DA:83,14
DA:84,14
DA:85,14
DA:91,95
DA:92,2
DA:93,2
DA:94,2
DA:95,0
DA:96,0
DA:97,2
DA:98,2
DA:99,2
DA:100,2
DA:101,2
DA:102,2
DA:103,2
DA:104,2
DA:105,2
DA:106,2
DA:107,2
DA:113,95
DA:114,2
DA:115,2
DA:116,2
DA:117,2
DA:118,2
DA:119,2
DA:120,0
DA:121,0
DA:122,2
DA:123,2
DA:124,2
DA:125,2
DA:126,2
DA:127,2
DA:128,2
DA:129,2
DA:130,2
DA:131,2
DA:132,2
DA:138,95
DA:139,2
DA:140,2
DA:141,2
DA:142,0
DA:143,0
DA:144,2
DA:145,2
DA:146,2
DA:147,2
DA:148,2
DA:149,2
DA:150,2
DA:151,2
DA:152,2
DA:153,2
DA:154,2
DA:160,95
DA:161,2
DA:162,2
DA:163,2
DA:164,0
DA:165,0
DA:166,2
DA:167,2
DA:168,2
DA:169,2
DA:170,2
DA:171,2
DA:172,2
DA:173,2
DA:174,2
DA:175,2
DA:176,2
DA:181,95
DA:182,0
DA:183,0
DA:184,0
DA:185,0
DA:186,0
DA:187,0
DA:188,0
DA:189,0
DA:190,0
DA:192,0
DA:193,0
DA:194,0
DA:195,0
DA:196,0
DA:197,0
DA:199,0
DA:200,0
DA:201,0
DA:203,0
DA:204,0
DA:205,0
DA:207,0
DA:208,0
DA:209,0
DA:210,0
DA:215,95
DA:216,0
DA:217,0
DA:218,0
DA:219,0
DA:220,0
DA:221,0
DA:222,0
DA:223,0
DA:224,0
DA:225,0
DA:230,95
DA:231,0
DA:233,0
DA:234,0
DA:235,0
DA:236,0
DA:237,0
DA:238,0
DA:239,0
DA:240,0
DA:243,0
DA:244,0
DA:245,0
DA:246,0
DA:249,0
DA:250,0
DA:251,0
DA:253,0
DA:254,0
DA:259,95
DA:260,0
DA:261,0
DA:262,0
DA:263,0
DA:264,0
DA:265,0
DA:266,0
DA:267,0
DA:268,0
DA:270,0
DA:271,0
DA:272,0
DA:273,0
DA:274,0
DA:275,0
DA:280,95
DA:281,0
DA:282,0
DA:283,95
LF:204
LH:122
BRDA:18,0,0,95
BRDA:28,1,0,95
BRDA:33,2,0,1
BRDA:37,3,0,94
BRDA:39,4,0,0
BRDA:39,5,0,0
BRDA:41,6,0,94
BRDA:42,7,0,0
BRDA:42,8,0,94
BRDA:50,9,0,22
BRDA:57,10,0,0
BRDA:60,11,0,0
BRDA:69,12,0,14
BRDA:79,13,0,0
BRDA:81,14,0,0
BRDA:91,15,0,2
BRDA:101,16,0,0
BRDA:103,17,0,0
BRDA:113,18,0,2
BRDA:126,19,0,0
BRDA:128,20,0,0
BRDA:138,21,0,2
BRDA:148,22,0,0
BRDA:150,23,0,0
BRDA:160,24,0,2
BRDA:170,25,0,0
BRDA:172,26,0,0
BRF:27
BRH:12
end_of_record
TN:
SF:src/core/ResourceManager.ts
FN:8,<instance_members_initializer>
FNF:1
FNH:0
FNDA:0,<instance_members_initializer>
DA:8,1
DA:9,0
DA:10,0
DA:12,0
DA:18,0
DA:19,0
DA:20,0
DA:21,0
DA:22,0
DA:24,0
DA:25,0
DA:26,0
DA:27,0
DA:28,0
DA:29,0
DA:30,0
DA:31,0
DA:32,0
DA:39,0
DA:40,0
DA:41,0
DA:47,0
DA:48,0
DA:49,0
DA:50,0
DA:51,0
DA:52,0
DA:54,0
DA:55,0
DA:56,0
DA:57,0
DA:58,0
DA:59,0
DA:60,0
DA:61,0
DA:62,0
DA:63,0
DA:64,0
DA:65,0
DA:66,0
DA:67,0
DA:68,0
DA:69,0
DA:70,0
DA:71,0
DA:72,0
DA:74,0
DA:75,0
DA:76,0
DA:77,0
DA:78,0
LF:51
LH:1
BRDA:8,0,0,0
BRF:1
BRH:0
end_of_record
TN:
SF:src/core/memory-bank-file-helpers.ts
FN:21,parseFrontmatter
FN:48,_createFileFromTemplateAndCache
FN:71,_loadFileFromDiskOrCache
FN:119,loadFileWithTemplate
FN:151,checkRootFolder
FN:174,checkFileAndParentDir
FN:222,performHealthCheck
FN:246,extractMetadataType
FN:255,extractCreatedDate
FN:266,parseAndValidateMetadata
FN:317,createMemoryBankFileEntry
FN:344,loadAllMemoryBankFiles
FN:391,updateMemoryBankFile
FNF:13
FNH:6
FNDA:0,parseFrontmatter
FNDA:1,_createFileFromTemplateAndCache
FNDA:3,_loadFileFromDiskOrCache
FNDA:3,loadFileWithTemplate
FNDA:3,checkRootFolder
FNDA:42,checkFileAndParentDir
FNDA:3,performHealthCheck
FNDA:0,extractMetadataType
FNDA:0,extractCreatedDate
FNDA:0,parseAndValidateMetadata
FNDA:0,createMemoryBankFileEntry
FNDA:0,loadAllMemoryBankFiles
FNDA:0,updateMemoryBankFile
DA:9,1
DA:10,1
DA:11,1
DA:13,1
DA:14,1
DA:15,1
DA:16,1
DA:21,0
DA:22,0
DA:23,0
DA:26,0
DA:27,0
DA:29,0
DA:30,0
DA:31,0
DA:32,0
DA:33,0
DA:34,0
DA:36,0
DA:37,0
DA:38,0
DA:39,0
DA:40,0
DA:41,0
DA:42,0
DA:43,0
DA:48,1
DA:49,1
DA:50,1
DA:51,1
DA:52,1
DA:53,1
DA:54,1
DA:55,1
DA:57,1
DA:58,1
DA:59,1
DA:62,1
DA:63,1
DA:64,1
DA:65,1
DA:71,3
DA:72,3
DA:73,3
DA:74,3
DA:75,3
DA:76,3
DA:77,3
DA:78,3
DA:80,1
DA:81,1
DA:82,1
DA:83,2
DA:85,2
DA:86,3
DA:87,1
DA:88,1
DA:89,1
DA:90,1
DA:92,1
DA:93,3
DA:95,0
DA:96,0
DA:97,0
DA:98,1
DA:100,1
DA:101,1
DA:102,1
DA:103,3
DA:104,3
DA:105,3
DA:106,3
DA:108,0
DA:109,0
DA:110,0
DA:111,0
DA:112,0
DA:113,3
DA:119,3
DA:120,3
DA:121,3
DA:122,3
DA:123,3
DA:126,3
DA:127,3
DA:128,3
DA:129,3
DA:130,0
DA:131,0
DA:133,3
DA:135,3
DA:136,2
DA:137,2
DA:140,1
DA:141,1
DA:142,1
DA:143,1
DA:144,1
DA:145,1
DA:151,3
DA:152,3
DA:153,3
DA:154,3
DA:155,3
DA:156,3
DA:157,3
DA:158,1
DA:159,3
DA:160,0
DA:161,0
DA:162,3
DA:163,0
DA:164,0
DA:165,0
DA:166,0
DA:167,3
DA:168,3
DA:174,42
DA:175,42
DA:176,42
DA:177,42
DA:178,42
DA:179,42
DA:180,42
DA:181,42
DA:184,42
DA:185,42
DA:186,42
DA:187,42
DA:188,14
DA:189,14
DA:190,14
DA:191,42
DA:192,0
DA:193,0
DA:194,0
DA:195,0
DA:196,42
DA:197,0
DA:198,0
DA:199,0
DA:200,0
DA:201,42
DA:204,42
DA:205,42
DA:206,16
DA:207,42
DA:208,0
DA:209,0
DA:210,42
DA:211,0
DA:212,0
DA:213,0
DA:214,0
DA:215,42
DA:216,42
DA:222,3
DA:223,3
DA:224,3
DA:225,3
DA:228,3
DA:231,3
DA:232,42
DA:233,42
DA:235,3
DA:236,3
DA:237,1
DA:238,2
DA:240,3
DA:241,3
DA:246,0
DA:247,0
DA:248,0
DA:249,0
DA:250,0
DA:255,0
DA:256,0
DA:257,0
DA:258,0
DA:259,0
DA:260,0
DA:261,0
DA:266,0
DA:267,0
DA:268,0
DA:269,0
DA:270,0
DA:271,0
DA:273,0
DA:274,0
DA:275,0
DA:276,0
DA:277,0
DA:278,0
DA:279,0
DA:280,0
DA:281,0
DA:282,0
DA:283,0
DA:284,0
DA:286,0
DA:287,0
DA:288,0
DA:290,0
DA:291,0
DA:292,0
DA:293,0
DA:294,0
DA:295,0
DA:296,0
DA:297,0
DA:298,0
DA:300,0
DA:301,0
DA:302,0
DA:303,0
DA:305,0
DA:306,0
DA:307,0
DA:308,0
DA:309,0
DA:310,0
DA:311,0
DA:312,0
DA:317,0
DA:318,0
DA:319,0
DA:320,0
DA:321,0
DA:322,0
DA:323,0
DA:325,0
DA:326,0
DA:327,0
DA:328,0
DA:329,0
DA:330,0
DA:331,0
DA:332,0
DA:333,0
DA:334,0
DA:335,0
DA:336,0
DA:337,0
DA:344,0
DA:345,0
DA:346,0
DA:347,0
DA:348,0
DA:349,0
DA:351,0
DA:353,0
DA:354,0
DA:355,0
DA:356,0
DA:357,0
DA:358,0
DA:359,0
DA:361,0
DA:362,0
DA:363,0
DA:365,0
DA:366,0
DA:367,0
DA:369,0
DA:370,0
DA:372,0
DA:373,0
DA:374,0
DA:375,0
DA:377,0
DA:378,0
DA:379,0
DA:380,0
DA:381,0
DA:382,0
DA:383,0
DA:384,0
DA:385,0
DA:391,0
DA:392,0
DA:393,0
DA:394,0
DA:395,0
DA:396,0
DA:397,0
DA:399,0
DA:400,0
DA:402,0
DA:403,0
DA:404,0
DA:407,0
DA:408,0
DA:409,0
DA:410,0
DA:411,0
DA:414,0
DA:416,0
DA:417,0
LF:299
LH:121
BRDA:48,0,0,1
BRDA:55,1,0,0
BRDA:58,2,0,0
BRDA:71,3,0,3
BRDA:78,4,0,1
BRDA:82,5,0,2
BRDA:86,6,0,1
BRDA:93,7,0,0
BRDA:97,8,0,1
BRDA:103,9,0,0
BRDA:103,10,0,1
BRDA:106,11,0,0
BRDA:119,12,0,3
BRDA:129,13,0,0
BRDA:135,14,0,2
BRDA:137,15,0,1
BRDA:151,16,0,3
BRDA:157,17,0,1
BRDA:159,18,0,2
BRDA:159,19,0,0
BRDA:162,20,0,0
BRDA:174,21,0,42
BRDA:187,22,0,14
BRDA:191,23,0,28
BRDA:191,24,0,0
BRDA:196,25,0,0
BRDA:205,26,0,16
BRDA:207,27,0,26
BRDA:207,28,0,0
BRDA:210,29,0,0
BRDA:222,30,0,3
BRDA:231,31,0,42
BRDA:236,32,0,1
BRDA:237,33,0,2
BRF:34
BRH:22
end_of_record
TN:
SF:src/core/memoryBankServiceCore.ts
FN:26,<instance_members_initializer>
FN:46,MemoryBankServiceCore
FN:60,getIsMemoryBankInitialized
FN:102,initializeFolders
FN:148,loadFiles
FN:171,isReady
FN:175,getFile
FN:180,updateFile
FN:204,writeFileByPath
FN:267,getAllFiles
FN:271,getFilesWithFilenames
FN:283,checkHealth
FN:304,invalidateCache
FN:311,getCacheStats
FN:315,resetCacheStats
FN:320,createContext
FN:331,invalidateFilesInCache
FN:337,logSuccessfulInitialization
FN:341,logFailedInitialization
FNF:19
FNH:10
FNDA:66,<instance_members_initializer>
FNDA:66,MemoryBankServiceCore
FNDA:5,getIsMemoryBankInitialized
FNDA:1,initializeFolders
FNDA:2,loadFiles
FNDA:2,isReady
FNDA:0,getFile
FNDA:1,updateFile
FNDA:0,writeFileByPath
FNDA:0,getAllFiles
FNDA:0,getFilesWithFilenames
FNDA:3,checkHealth
FNDA:8,invalidateCache
FNDA:0,getCacheStats
FNDA:0,resetCacheStats
FNDA:11,createContext
FNDA:0,invalidateFilesInCache
FNDA:0,logSuccessfulInitialization
FNDA:0,logFailedInitialization
DA:1,1
DA:3,1
DA:14,1
DA:17,1
DA:20,1
DA:26,1
DA:27,66
DA:28,66
DA:29,66
DA:30,66
DA:31,66
DA:32,66
DA:33,66
DA:36,66
DA:37,66
DA:38,66
DA:39,66
DA:40,66
DA:41,66
DA:42,66
DA:43,66
DA:44,66
DA:46,66
DA:47,66
DA:48,66
DA:49,66
DA:50,66
DA:51,66
DA:52,66
DA:53,66
DA:54,66
DA:55,66
DA:56,66
DA:57,66
DA:58,66
DA:60,66
DA:61,5
DA:62,5
DA:63,5
DA:65,5
DA:67,5
DA:68,5
DA:69,5
DA:71,0
DA:72,0
DA:74,0
DA:75,0
DA:76,0
DA:77,0
DA:78,0
DA:79,0
DA:81,0
DA:82,5
DA:84,5
DA:86,0
DA:87,0
DA:88,0
DA:89,0
DA:90,0
DA:91,0
DA:92,0
DA:93,0
DA:94,0
DA:95,0
DA:96,0
DA:99,5
DA:100,5
DA:102,66
DA:103,1
DA:104,1
DA:105,1
DA:106,1
DA:107,1
DA:108,1
DA:109,1
DA:110,1
DA:112,1
DA:113,5
DA:114,5
DA:115,5
DA:116,5
DA:117,5
DA:118,5
DA:119,5
DA:120,5
DA:122,0
DA:123,0
DA:124,0
DA:125,0
DA:126,0
DA:127,0
DA:128,5
DA:129,1
DA:131,1
DA:133,0
DA:134,0
DA:135,0
DA:136,0
DA:137,0
DA:138,0
DA:139,0
DA:140,0
DA:141,0
DA:142,0
DA:143,0
DA:145,1
DA:146,1
DA:148,66
DA:149,2
DA:150,2
DA:151,2
DA:152,1
DA:153,1
DA:154,2
DA:156,2
DA:157,1
DA:158,1
DA:159,1
DA:160,1
DA:161,1
DA:162,1
DA:163,1
DA:164,1
DA:165,1
DA:166,1
DA:168,1
DA:169,2
DA:171,66
DA:172,2
DA:173,2
DA:175,66
DA:176,0
DA:177,0
DA:178,0
DA:180,66
DA:181,1
DA:182,1
DA:183,1
DA:184,1
DA:185,1
DA:186,1
DA:187,1
DA:189,1
DA:191,1
DA:192,1
DA:193,1
DA:194,1
DA:195,1
DA:196,1
DA:197,1
DA:198,1
DA:199,1
DA:201,0
DA:202,1
DA:204,66
DA:205,0
DA:206,0
DA:207,0
DA:208,0
DA:209,0
DA:210,0
DA:211,0
DA:212,0
DA:214,0
DA:215,0
DA:216,0
DA:217,0
DA:218,0
DA:219,0
DA:220,0
DA:221,0
DA:222,0
DA:223,0
DA:224,0
DA:227,0
DA:228,0
DA:229,0
DA:230,0
DA:231,0
DA:232,0
DA:233,0
DA:234,0
DA:235,0
DA:236,0
DA:237,0
DA:240,0
DA:241,0
DA:243,0
DA:244,0
DA:245,0
DA:246,0
DA:247,0
DA:248,0
DA:249,0
DA:250,0
DA:252,0
DA:254,0
DA:255,0
DA:256,0
DA:257,0
DA:258,0
DA:259,0
DA:260,0
DA:261,0
DA:262,0
DA:264,0
DA:265,0
DA:267,66
DA:268,0
DA:269,0
DA:271,66
DA:272,0
DA:273,0
DA:274,0
DA:275,0
DA:276,0
DA:277,0
DA:278,0
DA:279,0
DA:280,0
DA:281,0
DA:283,66
DA:284,3
DA:285,3
DA:286,3
DA:287,3
DA:288,3
DA:290,3
DA:291,0
DA:292,0
DA:293,0
DA:294,0
DA:295,0
DA:296,0
DA:297,0
DA:298,0
DA:299,0
DA:301,3
DA:302,3
DA:304,66
DA:305,8
DA:306,1
DA:307,7
DA:308,8
DA:309,8
DA:311,66
DA:312,0
DA:313,0
DA:315,66
DA:316,0
DA:317,0
DA:320,66
DA:321,11
DA:322,11
DA:323,11
DA:324,11
DA:325,11
DA:326,11
DA:327,11
DA:328,11
DA:329,11
DA:331,66
DA:332,0
DA:333,0
DA:334,0
DA:335,0
DA:337,66
DA:338,0
DA:339,0
DA:341,66
DA:342,0
DA:343,0
DA:344,0
DA:345,0
DA:346,66
LF:275
LH:147
BRDA:26,0,0,66
BRDA:46,1,0,66
BRDA:60,2,0,5
BRDA:84,3,0,0
BRDA:61,4,0,5
BRDA:69,5,0,0
BRDA:102,6,0,1
BRDA:131,7,0,0
BRDA:103,8,0,1
BRDA:112,9,0,5
BRDA:120,10,0,0
BRDA:148,11,0,2
BRDA:156,12,0,1
BRDA:162,13,0,0
BRDA:149,14,0,2
BRDA:151,15,0,1
BRDA:171,16,0,2
BRDA:180,17,0,1
BRDA:199,18,0,0
BRDA:184,19,0,1
BRDA:186,20,0,0
BRDA:283,21,0,3
BRDA:290,22,0,0
BRDA:284,23,0,3
BRDA:304,24,0,8
BRDA:305,25,0,1
BRDA:306,26,0,7
BRDA:320,27,0,11
BRF:28
BRH:20
end_of_record
TN:
SF:src/core/vsCodeMemoryBankService.ts
FN:20,<instance_members_initializer>
FN:26,VSCodeMemoryBankService
FN:39,createMemoryBankRulesIfNotExists
FN:45,loadFiles
FN:64,get files
FN:68,getIsMemoryBankInitialized
FN:72,initializeFolders
FN:76,isReady
FN:80,getFile
FN:85,updateFile
FN:92,getAllFiles
FN:96,getFilesWithFilenames
FN:100,checkHealth
FN:104,invalidateCache
FN:108,getCacheStats
FN:112,resetCacheStats
FN:116,writeFileByPath
FN:124,getMemoryBankFolder
FN:132,createVSCodeLoggerAdapter
FNF:19
FNH:15
FNDA:18,<instance_members_initializer>
FNDA:18,VSCodeMemoryBankService
FNDA:1,createMemoryBankRulesIfNotExists
FNDA:11,loadFiles
FNDA:0,get files
FNDA:4,getIsMemoryBankInitialized
FNDA:1,initializeFolders
FNDA:2,isReady
FNDA:3,getFile
FNDA:2,updateFile
FNDA:1,getAllFiles
FNDA:1,getFilesWithFilenames
FNDA:3,checkHealth
FNDA:3,invalidateCache
FNDA:2,getCacheStats
FNDA:1,resetCacheStats
FNDA:0,writeFileByPath
FNDA:0,getMemoryBankFolder
FNDA:0,createVSCodeLoggerAdapter
DA:1,1
DA:2,1
DA:3,1
DA:5,1
DA:17,1
DA:20,1
DA:21,18
DA:22,18
DA:23,18
DA:24,18
DA:26,18
DA:27,18
DA:28,18
DA:29,18
DA:30,18
DA:31,18
DA:32,18
DA:33,18
DA:34,18
DA:35,18
DA:36,18
DA:39,18
DA:40,1
DA:41,1
DA:42,1
DA:45,18
DA:46,11
DA:48,10
DA:49,10
DA:50,0
DA:51,0
DA:52,0
DA:53,0
DA:54,0
DA:55,10
DA:56,10
DA:59,0
DA:60,0
DA:61,11
DA:64,18
DA:65,0
DA:66,0
DA:68,18
DA:69,4
DA:70,4
DA:72,18
DA:73,1
DA:74,1
DA:76,18
DA:77,2
DA:78,2
DA:80,18
DA:81,3
DA:82,3
DA:83,3
DA:85,18
DA:86,2
DA:87,2
DA:88,2
DA:89,2
DA:90,2
DA:92,18
DA:93,1
DA:94,1
DA:96,18
DA:97,1
DA:98,1
DA:100,18
DA:101,3
DA:102,3
DA:104,18
DA:105,3
DA:106,3
DA:108,18
DA:109,2
DA:110,2
DA:112,18
DA:113,1
DA:114,1
DA:116,18
DA:117,0
DA:118,0
DA:119,0
DA:120,0
DA:121,0
DA:124,18
DA:125,0
DA:126,0
DA:127,0
DA:128,0
DA:129,0
DA:130,0
DA:132,18
DA:133,0
DA:134,0
DA:135,0
DA:136,0
DA:137,0
DA:138,0
DA:139,0
DA:140,0
DA:141,18
LF:102
LH:74
BRDA:20,0,0,18
BRDA:26,1,0,18
BRDA:39,2,0,1
BRDA:45,3,0,11
BRDA:46,4,0,10
BRDA:49,5,0,0
BRDA:56,6,0,0
BRDA:68,7,0,4
BRDA:72,8,0,1
BRDA:76,9,0,2
BRDA:80,10,0,3
BRDA:85,11,0,2
BRDA:92,12,0,1
BRDA:96,13,0,1
BRDA:100,14,0,3
BRDA:104,15,0,3
BRDA:108,16,0,2
BRDA:112,17,0,1
BRF:18
BRH:16
end_of_record
TN:
SF:src/infrastructure/logging/memory-bank-logger.ts
FN:15,writeToStderr
FN:19,info
FN:23,error
FN:27,warn
FN:31,debug
FN:40,<instance_members_initializer>
FN:41,writeToStderr
FN:45,log
FN:49,info
FN:53,warn
FN:57,error
FN:61,debug
FN:65,table
FN:69,time
FN:73,timeEnd
FN:77,timeLog
FN:81,assert
FN:87,clear
FN:91,count
FN:95,countReset
FN:99,dir
FN:103,dirxml
FN:107,group
FN:111,groupCollapsed
FN:115,groupEnd
FN:119,profile
FN:123,profileEnd
FN:127,timeStamp
FN:131,trace
FN:145,createSimpleLogger
FN:153,createConsoleLogger
FN:161,createLogger
FNF:32
FNH:14
FNDA:4,writeToStderr
FNDA:1,info
FNDA:1,error
FNDA:1,warn
FNDA:1,debug
FNDA:8,<instance_members_initializer>
FNDA:6,writeToStderr
FNDA:0,log
FNDA:3,info
FNDA:0,warn
FNDA:2,error
FNDA:0,debug
FNDA:1,table
FNDA:0,time
FNDA:0,timeEnd
FNDA:0,timeLog
FNDA:2,assert
FNDA:0,clear
FNDA:0,count
FNDA:0,countReset
FNDA:0,dir
FNDA:0,dirxml
FNDA:0,group
FNDA:0,groupCollapsed
FNDA:0,groupEnd
FNDA:0,profile
FNDA:0,profileEnd
FNDA:0,timeStamp
FNDA:0,trace
FNDA:4,createSimpleLogger
FNDA:8,createConsoleLogger
FNDA:3,createLogger
DA:14,1
DA:15,1
DA:16,4
DA:17,4
DA:19,1
DA:20,1
DA:21,1
DA:23,1
DA:24,1
DA:25,1
DA:27,1
DA:28,1
DA:29,1
DA:31,1
DA:32,1
DA:33,1
DA:34,1
DA:40,8
DA:41,8
DA:42,6
DA:43,6
DA:45,8
DA:46,0
DA:47,0
DA:49,8
DA:50,3
DA:51,3
DA:53,8
DA:54,0
DA:55,0
DA:57,8
DA:58,2
DA:59,2
DA:61,8
DA:62,0
DA:63,0
DA:65,8
DA:66,1
DA:67,1
DA:69,8
DA:70,0
DA:71,0
DA:73,8
DA:74,0
DA:75,0
DA:77,8
DA:78,0
DA:79,0
DA:81,8
DA:82,2
DA:83,1
DA:84,1
DA:85,2
DA:87,8
DA:89,0
DA:91,8
DA:92,0
DA:93,0
DA:95,8
DA:96,0
DA:97,0
DA:99,8
DA:100,0
DA:101,0
DA:103,8
DA:104,0
DA:105,0
DA:107,8
DA:108,0
DA:109,0
DA:111,8
DA:112,0
DA:113,0
DA:115,8
DA:116,0
DA:117,0
DA:119,8
DA:120,0
DA:121,0
DA:123,8
DA:124,0
DA:125,0
DA:127,8
DA:128,0
DA:129,0
DA:131,8
DA:132,0
DA:133,0
DA:135,8
DA:136,8
DA:141,1
DA:145,1
DA:146,4
DA:147,4
DA:153,1
DA:154,8
DA:155,8
DA:161,1
DA:162,3
DA:163,3
DA:164,1
DA:167,1
LF:102
LH:67
BRDA:15,0,0,4
BRDA:19,1,0,1
BRDA:23,2,0,1
BRDA:27,3,0,1
BRDA:31,4,0,1
BRDA:40,5,0,8
BRDA:41,6,0,6
BRDA:49,7,0,3
BRDA:57,8,0,2
BRDA:65,9,0,1
BRDA:81,10,0,2
BRDA:82,11,0,1
BRDA:145,12,0,4
BRDA:153,13,0,8
BRDA:161,14,0,3
BRDA:162,15,0,2
BRDA:162,16,0,1
BRF:17
BRH:17
end_of_record
TN:
SF:src/infrastructure/logging/vscode-logger.ts
FN:18,<instance_members_initializer>
FN:19,<static_initializer>
FN:23,Logger
FN:28,getInstance
FN:38,setLevel
FN:45,log
FN:56,info
FN:62,error
FN:68,debug
FN:75,showOutput
FNF:10
FNH:10
FNDA:2,<instance_members_initializer>
FNDA:4,<static_initializer>
FNDA:2,Logger
FNDA:20,getInstance
FNDA:2,setLevel
FNDA:17,log
FNDA:8,info
FNDA:8,error
FNDA:1,debug
FNDA:1,showOutput
DA:1,1
DA:6,1
DA:7,1
DA:8,1
DA:9,1
DA:10,1
DA:11,1
DA:12,1
DA:18,1
DA:19,2
DA:20,2
DA:21,2
DA:23,2
DA:28,2
DA:29,20
DA:30,2
DA:31,2
DA:32,20
DA:33,20
DA:38,2
DA:39,2
DA:40,2
DA:45,2
DA:46,17
DA:47,16
DA:48,16
DA:49,16
DA:50,16
DA:51,17
DA:56,2
DA:57,8
DA:58,8
DA:62,2
DA:63,8
DA:64,8
DA:68,2
DA:69,1
DA:70,1
DA:75,2
DA:76,1
DA:77,1
DA:78,2
LF:42
LH:42
BRDA:6,0,0,4
BRDA:18,1,0,2
BRDA:19,2,0,4
BRDA:23,3,0,2
BRDA:28,4,0,20
BRDA:29,5,0,2
BRDA:38,6,0,2
BRDA:45,7,0,17
BRDA:46,8,0,16
BRDA:46,9,0,16
BRDA:48,10,0,0
BRDA:56,11,0,8
BRDA:62,12,0,8
BRDA:68,13,0,1
BRDA:75,14,0,1
BRF:15
BRH:14
end_of_record
TN:
SF:src/infrastructure/process/helpers.ts
FN:18,validateWorkspace
FN:31,createProcessConfig
FN:54,spawnMCPServer
FN:66,registerProcessEventHandlers
FN:86,waitForProcessStartup
FN:101,launchMCPServerProcess
FNF:6
FNH:6
FNDA:11,validateWorkspace
FNDA:1,createProcessConfig
FNDA:1,spawnMCPServer
FNDA:1,registerProcessEventHandlers
FNDA:1,waitForProcessStartup
FNDA:1,launchMCPServerProcess
DA:8,1
DA:9,1
DA:10,1
DA:18,1
DA:19,11
DA:20,11
DA:21,0
DA:22,0
DA:23,0
DA:24,11
DA:25,11
DA:31,1
DA:32,1
DA:33,1
DA:34,1
DA:35,1
DA:36,1
DA:38,1
DA:39,1
DA:40,1
DA:41,1
DA:42,1
DA:43,1
DA:44,1
DA:45,1
DA:46,1
DA:47,1
DA:48,1
DA:54,1
DA:55,1
DA:56,1
DA:57,1
DA:58,1
DA:59,1
DA:60,1
DA:66,1
DA:67,1
DA:68,1
DA:69,1
DA:71,1
DA:74,1
DA:77,1
DA:78,1
DA:79,1
DA:80,1
DA:86,1
DA:87,1
DA:88,1
DA:89,1
DA:90,1
DA:92,1
DA:93,0
DA:94,0
DA:95,1
DA:101,1
DA:102,1
DA:103,1
DA:104,1
DA:105,1
DA:107,1
DA:110,1
DA:112,1
DA:115,1
DA:118,1
DA:121,1
DA:123,1
DA:125,1
DA:126,1
LF:68
LH:63
BRDA:18,0,0,11
BRDA:20,1,0,0
BRDA:31,2,0,1
BRDA:36,3,0,0
BRDA:54,4,0,1
BRDA:66,5,0,1
BRDA:86,6,0,1
BRDA:92,7,0,0
BRDA:90,8,0,1
BRDA:101,9,0,1
BRF:10
BRH:7
end_of_record
TN:
SF:src/infrastructure/vscode/error-display.ts
FN:17,showVSCodeError
FNF:1
FNH:0
FNDA:0,showVSCodeError
DA:8,1
DA:17,0
DA:18,0
DA:19,0
DA:20,0
DA:21,0
LF:6
LH:1
BRF:0
BRH:0
end_of_record
TN:
SF:src/infrastructure/vscode/index.ts
FN:1,(empty-report)
FNF:1
FNH:1
FNDA:1,(empty-report)
DA:7,0
LF:1
LH:0
BRDA:1,0,0,1
BRF:1
BRH:1
end_of_record
TN:
SF:src/mcp/coreMemoryBankMCP.ts
FN:20,<instance_members_initializer>
FN:25,CoreMemoryBankMCP
FN:63,registerCustomTools
FN:71,_registerInitMemoryBankTool
FN:75,_registerReadMemoryBankFileTool
FN:123,_registerReviewAndUpdateTool
FN:140,_registerMetadataTools
FN:146,_registerQueryMemoryIndexTool
FN:207,_registerValidateMemoryFileTool
FN:271,_registerRebuildMetadataIndexTool
FN:335,_registerLoggingEnhancedTools
FN:342,ensureMetadataReady
FNF:12
FNH:11
FNDA:36,<instance_members_initializer>
FNDA:36,CoreMemoryBankMCP
FNDA:72,registerCustomTools
FNDA:72,_registerInitMemoryBankTool
FNDA:72,_registerReadMemoryBankFileTool
FNDA:72,_registerReviewAndUpdateTool
FNDA:72,_registerMetadataTools
FNDA:72,_registerQueryMemoryIndexTool
FNDA:72,_registerValidateMemoryFileTool
FNDA:72,_registerRebuildMetadataIndexTool
FNDA:72,_registerLoggingEnhancedTools
FNDA:0,ensureMetadataReady
DA:1,1
DA:2,1
DA:3,1
DA:4,1
DA:5,1
DA:6,1
DA:7,1
DA:8,1
DA:11,1
DA:12,1
DA:13,1
DA:20,1
DA:21,36
DA:22,36
DA:23,36
DA:25,36
DA:26,36
DA:27,36
DA:28,36
DA:29,36
DA:30,36
DA:31,36
DA:32,36
DA:33,36
DA:34,36
DA:36,36
DA:37,36
DA:38,36
DA:39,36
DA:40,36
DA:41,36
DA:42,36
DA:44,36
DA:45,36
DA:46,36
DA:47,36
DA:48,36
DA:49,36
DA:52,36
DA:53,36
DA:54,36
DA:55,36
DA:57,36
DA:58,36
DA:63,36
DA:64,72
DA:65,72
DA:66,72
DA:67,72
DA:68,72
DA:69,72
DA:71,36
DA:73,72
DA:75,36
DA:76,72
DA:77,72
DA:78,72
DA:79,72
DA:80,72
DA:82,72
DA:83,0
DA:84,0
DA:85,0
DA:86,0
DA:88,0
DA:90,0
DA:91,0
DA:92,0
DA:93,0
DA:94,0
DA:95,0
DA:97,0
DA:98,0
DA:100,0
DA:101,0
DA:102,0
DA:103,0
DA:104,0
DA:105,0
DA:108,0
DA:109,0
DA:110,0
DA:111,0
DA:112,0
DA:113,0
DA:114,0
DA:115,0
DA:116,0
DA:117,0
DA:119,0
DA:120,72
DA:121,72
DA:123,36
DA:124,72
DA:125,72
DA:126,0
DA:127,0
DA:128,0
DA:129,0
DA:130,0
DA:131,0
DA:132,0
DA:133,0
DA:134,0
DA:135,0
DA:136,0
DA:137,72
DA:138,72
DA:140,36
DA:141,72
DA:142,72
DA:143,72
DA:144,72
DA:146,36
DA:147,72
DA:148,72
DA:149,72
DA:150,72
DA:151,72
DA:152,72
DA:153,72
DA:154,72
DA:155,72
DA:156,72
DA:157,72
DA:159,72
DA:160,0
DA:161,0
DA:162,0
DA:163,0
DA:165,0
DA:167,0
DA:170,0
DA:171,0
DA:172,0
DA:173,0
DA:174,0
DA:175,0
DA:176,0
DA:177,0
DA:179,0
DA:180,0
DA:181,0
DA:182,0
DA:183,0
DA:184,0
DA:185,0
DA:186,0
DA:187,0
DA:188,0
DA:189,0
DA:190,0
DA:191,0
DA:193,0
DA:194,0
DA:195,0
DA:196,0
DA:197,0
DA:198,0
DA:199,0
DA:200,0
DA:201,0
DA:202,0
DA:203,0
DA:204,72
DA:205,72
DA:207,36
DA:208,72
DA:209,72
DA:210,72
DA:211,72
DA:213,72
DA:214,0
DA:215,0
DA:216,0
DA:217,0
DA:219,0
DA:221,0
DA:224,0
DA:225,0
DA:227,0
DA:228,0
DA:229,0
DA:231,0
DA:232,0
DA:233,0
DA:235,0
DA:236,0
DA:237,0
DA:238,0
DA:239,0
DA:240,0
DA:241,0
DA:242,0
DA:243,0
DA:244,0
DA:245,0
DA:246,0
DA:247,0
DA:248,0
DA:250,0
DA:251,0
DA:252,0
DA:253,0
DA:254,0
DA:255,0
DA:257,0
DA:258,0
DA:259,0
DA:260,0
DA:261,0
DA:262,0
DA:263,0
DA:264,0
DA:265,0
DA:266,0
DA:267,0
DA:268,72
DA:269,72
DA:271,36
DA:272,72
DA:273,72
DA:274,72
DA:275,72
DA:276,72
DA:277,72
DA:278,72
DA:279,72
DA:281,72
DA:282,0
DA:283,0
DA:284,0
DA:285,0
DA:287,0
DA:289,0
DA:292,0
DA:293,0
DA:294,0
DA:297,0
DA:299,0
DA:300,0
DA:301,0
DA:302,0
DA:303,0
DA:304,0
DA:305,0
DA:306,0
DA:307,0
DA:308,0
DA:309,0
DA:310,0
DA:311,0
DA:312,0
DA:313,0
DA:314,0
DA:315,0
DA:316,0
DA:317,0
DA:318,0
DA:319,0
DA:321,0
DA:322,0
DA:323,0
DA:324,0
DA:325,0
DA:326,0
DA:327,0
DA:328,0
DA:329,0
DA:330,0
DA:331,0
DA:332,72
DA:333,72
DA:335,36
DA:337,72
DA:342,36
DA:343,0
DA:344,0
DA:345,0
DA:346,0
DA:347,0
DA:348,36
LF:282
LH:111
BRDA:20,0,0,36
BRDA:25,1,0,36
BRDA:26,2,0,13
BRDA:63,3,0,72
BRDA:71,4,0,72
BRDA:75,5,0,72
BRDA:123,6,0,72
BRDA:140,7,0,72
BRDA:146,8,0,72
BRDA:207,9,0,72
BRDA:271,10,0,72
BRDA:335,11,0,72
BRF:12
BRH:12
end_of_record
TN:
SF:src/mcp/mcpAdapter.ts
FN:16,<instance_members_initializer>
FN:24,MemoryBankMCPAdapter
FN:40,start
FN:49,onError
FN:54,onExit
FN:61,onStderr
FN:79,stop
FN:84,cleanup
FN:96,getPort
FN:104,setExternalServerRunning
FN:114,getMemoryBank
FN:123,updateMemoryBankFile
FN:148,handleCommand
FN:200,isServerRunning
FNF:14
FNH:11
FNDA:12,<instance_members_initializer>
FNDA:12,MemoryBankMCPAdapter
FNDA:1,start
FNDA:0,onError
FNDA:0,onExit
FNDA:0,onStderr
FNDA:1,stop
FNDA:1,cleanup
FNDA:3,getPort
FNDA:1,setExternalServerRunning
FNDA:1,getMemoryBank
FNDA:1,updateMemoryBankFile
FNDA:3,handleCommand
FNDA:6,isServerRunning
DA:5,1
DA:16,1
DA:17,12
DA:18,12
DA:19,12
DA:20,12
DA:21,12
DA:22,12
DA:24,12
DA:25,12
DA:26,12
DA:27,12
DA:28,12
DA:29,12
DA:30,12
DA:31,12
DA:32,12
DA:33,12
DA:34,12
DA:40,12
DA:41,1
DA:42,0
DA:43,0
DA:44,0
DA:46,1
DA:48,1
DA:49,1
DA:50,0
DA:51,0
DA:52,0
DA:53,0
DA:54,1
DA:55,0
DA:56,0
DA:57,0
DA:58,0
DA:59,0
DA:60,0
DA:61,1
DA:62,0
DA:63,0
DA:64,1
DA:66,1
DA:67,1
DA:68,0
DA:69,0
DA:70,0
DA:71,0
DA:72,0
DA:73,0
DA:74,1
DA:79,12
DA:80,1
DA:81,1
DA:82,1
DA:84,12
DA:85,1
DA:86,0
DA:87,0
DA:88,0
DA:89,1
DA:90,1
DA:96,12
DA:97,3
DA:98,3
DA:104,12
DA:105,1
DA:106,1
DA:107,1
DA:109,1
DA:114,12
DA:115,1
DA:116,1
DA:123,12
DA:124,1
DA:125,1
DA:126,0
DA:127,0
DA:128,0
DA:129,1
DA:130,1
DA:131,1
DA:132,1
DA:133,1
DA:134,1
DA:135,1
DA:136,1
DA:137,0
DA:138,0
DA:139,0
DA:140,0
DA:141,0
DA:142,1
DA:148,12
DA:149,3
DA:151,3
DA:153,3
DA:154,0
DA:155,0
DA:156,0
DA:157,3
DA:158,3
DA:159,3
DA:160,3
DA:161,3
DA:166,3
DA:167,3
DA:168,3
DA:169,1
DA:170,1
DA:171,1
DA:172,1
DA:174,3
DA:175,1
DA:178,1
DA:179,1
DA:180,1
DA:182,3
DA:183,1
DA:184,1
DA:185,1
DA:186,1
DA:187,3
DA:188,3
DA:189,0
DA:190,0
DA:191,0
DA:192,0
DA:193,0
DA:194,0
DA:195,3
DA:200,12
DA:201,6
DA:202,6
DA:203,12
LF:135
LH:94
BRDA:16,0,0,12
BRDA:24,1,0,12
BRDA:40,2,0,1
BRDA:41,3,0,0
BRDA:67,4,0,0
BRDA:79,5,0,1
BRDA:84,6,0,1
BRDA:85,7,0,0
BRDA:96,8,0,3
BRDA:104,9,0,1
BRDA:114,10,0,1
BRDA:123,11,0,1
BRDA:125,12,0,0
BRDA:136,13,0,0
BRDA:148,14,0,3
BRDA:153,15,0,0
BRDA:168,16,0,1
BRDA:174,17,0,1
BRDA:182,18,0,1
BRDA:188,19,0,0
BRDA:200,20,0,6
BRDA:201,21,0,0
BRDA:201,22,0,0
BRF:23
BRH:14
end_of_record
TN:
SF:src/mcp/mcpServerCliClass.ts
FN:34,<instance_members_initializer>
FN:40,MCPServerCLI
FN:75,_registerInitMemoryBankTool
FN:102,_registerReadMemoryBankFileTool
FN:146,_registerReviewAndUpdateTool
FN:174,_registerLoggingEnhancedTools
FN:197,registerCustomTools
FN:208,registerToolWithLogging
FN:222,connect
FN:230,fromCommandLineArgs
FN:253,_registerMetadataTools
FN:262,_registerQueryMemoryIndexTool
FN:326,_registerValidateMemoryFileTool
FN:393,_registerRebuildMetadataIndexTool
FN:460,ensureMetadataReady
FNF:15
FNH:13
FNDA:28,<instance_members_initializer>
FNDA:28,MCPServerCLI
FNDA:28,_registerInitMemoryBankTool
FNDA:28,_registerReadMemoryBankFileTool
FNDA:28,_registerReviewAndUpdateTool
FNDA:28,_registerLoggingEnhancedTools
FNDA:28,registerCustomTools
FNDA:56,registerToolWithLogging
FNDA:0,connect
FNDA:4,fromCommandLineArgs
FNDA:28,_registerMetadataTools
FNDA:28,_registerQueryMemoryIndexTool
FNDA:28,_registerValidateMemoryFileTool
FNDA:28,_registerRebuildMetadataIndexTool
FNDA:0,ensureMetadataReady
DA:1,1
DA:2,1
DA:3,1
DA:4,1
DA:5,1
DA:6,1
DA:7,1
DA:8,1
DA:9,1
DA:10,1
DA:15,1
DA:21,1
DA:22,1
DA:34,1
DA:35,28
DA:36,28
DA:37,28
DA:38,28
DA:40,28
DA:41,28
DA:42,28
DA:44,28
DA:45,28
DA:46,28
DA:47,28
DA:48,28
DA:49,28
DA:50,28
DA:51,28
DA:52,28
DA:53,28
DA:55,28
DA:56,28
DA:57,28
DA:58,28
DA:59,28
DA:60,28
DA:62,28
DA:63,28
DA:66,28
DA:67,28
DA:68,28
DA:69,28
DA:70,28
DA:75,28
DA:76,28
DA:77,0
DA:78,0
DA:79,0
DA:80,0
DA:81,0
DA:82,0
DA:83,0
DA:84,0
DA:85,0
DA:86,0
DA:87,0
DA:89,0
DA:90,0
DA:91,0
DA:92,0
DA:93,0
DA:94,0
DA:95,0
DA:96,28
DA:97,28
DA:102,28
DA:103,28
DA:104,28
DA:105,28
DA:106,28
DA:107,28
DA:108,28
DA:109,0
DA:110,0
DA:111,0
DA:112,0
DA:113,0
DA:114,0
DA:115,0
DA:116,0
DA:117,0
DA:118,0
DA:119,0
DA:120,0
DA:122,0
DA:123,0
DA:124,0
DA:125,0
DA:126,0
DA:127,0
DA:128,0
DA:129,0
DA:130,0
DA:131,0
DA:132,0
DA:133,0
DA:134,0
DA:136,0
DA:137,0
DA:138,28
DA:139,28
DA:140,28
DA:141,28
DA:146,28
DA:147,28
DA:148,0
DA:149,0
DA:150,0
DA:151,0
DA:152,0
DA:153,0
DA:154,0
DA:155,0
DA:157,0
DA:159,0
DA:160,0
DA:161,0
DA:162,0
DA:163,0
DA:164,0
DA:165,0
DA:166,0
DA:167,0
DA:168,28
DA:169,28
DA:174,28
DA:175,28
DA:176,0
DA:177,0
DA:178,0
DA:179,0
DA:180,0
DA:181,0
DA:182,28
DA:184,28
DA:185,0
DA:186,0
DA:187,0
DA:188,0
DA:189,0
DA:190,0
DA:191,28
DA:192,28
DA:197,28
DA:198,28
DA:199,28
DA:200,28
DA:201,28
DA:202,28
DA:203,28
DA:208,28
DA:209,56
DA:210,56
DA:211,56
DA:212,56
DA:213,56
DA:214,56
DA:215,56
DA:216,56
DA:217,56
DA:222,28
DA:223,0
DA:224,0
DA:225,0
DA:230,28
DA:231,4
DA:233,4
DA:234,1
DA:235,1
DA:236,1
DA:237,1
DA:239,3
DA:240,3
DA:241,3
DA:242,3
DA:244,3
DA:245,3
DA:246,3
DA:247,3
DA:248,4
DA:253,28
DA:254,28
DA:255,28
DA:256,28
DA:257,28
DA:262,28
DA:263,28
DA:264,28
DA:265,28
DA:266,28
DA:267,28
DA:268,28
DA:269,28
DA:270,28
DA:271,28
DA:272,28
DA:273,28
DA:275,28
DA:276,0
DA:277,0
DA:278,0
DA:279,0
DA:281,0
DA:283,0
DA:286,0
DA:287,0
DA:288,0
DA:289,0
DA:290,0
DA:291,0
DA:292,0
DA:293,0
DA:295,0
DA:296,0
DA:297,0
DA:298,0
DA:299,0
DA:300,0
DA:301,0
DA:302,0
DA:303,0
DA:304,0
DA:305,0
DA:306,0
DA:307,0
DA:309,0
DA:310,0
DA:311,0
DA:312,0
DA:313,0
DA:314,0
DA:315,0
DA:316,0
DA:317,0
DA:318,0
DA:319,0
DA:320,28
DA:321,28
DA:326,28
DA:327,28
DA:328,28
DA:329,28
DA:330,28
DA:332,28
DA:333,0
DA:334,0
DA:335,0
DA:336,0
DA:338,0
DA:340,0
DA:343,0
DA:344,0
DA:346,0
DA:347,0
DA:348,0
DA:350,0
DA:351,0
DA:352,0
DA:354,0
DA:355,0
DA:356,0
DA:357,0
DA:358,0
DA:359,0
DA:360,0
DA:361,0
DA:362,0
DA:363,0
DA:364,0
DA:365,0
DA:366,0
DA:367,0
DA:369,0
DA:370,0
DA:371,0
DA:372,0
DA:373,0
DA:374,0
DA:376,0
DA:377,0
DA:378,0
DA:379,0
DA:380,0
DA:381,0
DA:382,0
DA:383,0
DA:384,0
DA:385,0
DA:386,0
DA:387,28
DA:388,28
DA:393,28
DA:394,28
DA:395,28
DA:396,28
DA:397,28
DA:398,28
DA:399,28
DA:400,28
DA:401,28
DA:403,28
DA:404,0
DA:405,0
DA:406,0
DA:407,0
DA:409,0
DA:411,0
DA:414,0
DA:415,0
DA:416,0
DA:419,0
DA:421,0
DA:422,0
DA:423,0
DA:424,0
DA:425,0
DA:426,0
DA:427,0
DA:428,0
DA:429,0
DA:430,0
DA:431,0
DA:432,0
DA:433,0
DA:434,0
DA:435,0
DA:436,0
DA:437,0
DA:438,0
DA:439,0
DA:440,0
DA:441,0
DA:443,0
DA:444,0
DA:445,0
DA:446,0
DA:447,0
DA:448,0
DA:449,0
DA:450,0
DA:451,0
DA:452,0
DA:453,0
DA:454,28
DA:455,28
DA:460,28
DA:461,0
DA:462,0
DA:463,0
DA:464,0
DA:465,0
DA:466,28
LF:353
LH:145
BRDA:34,0,0,28
BRDA:40,1,0,28
BRDA:41,2,0,3
BRDA:75,3,0,28
BRDA:102,4,0,28
BRDA:146,5,0,28
BRDA:174,6,0,28
BRDA:197,7,0,28
BRDA:208,8,0,56
BRDA:230,9,0,4
BRDA:233,10,0,1
BRDA:237,11,0,3
BRDA:253,12,0,28
BRDA:262,13,0,28
BRDA:326,14,0,28
BRDA:393,15,0,28
BRF:16
BRH:16
end_of_record
TN:
SF:src/mcp/mcpServerCliEntry.ts
FN:1,(empty-report)
FNF:1
FNH:1
FNDA:1,(empty-report)
DA:11,0
DA:16,0
DA:17,0
DA:19,0
DA:22,0
DA:24,0
DA:25,0
DA:26,0
DA:27,0
DA:28,0
DA:29,0
DA:30,0
DA:31,0
DA:32,0
DA:33,0
DA:36,0
DA:37,0
DA:38,0
LF:18
LH:0
BRDA:1,0,0,1
BRF:1
BRH:1
end_of_record
TN:
SF:src/mcp/metadataMemoryBankMCP.ts
FN:1,(empty-report)
FNF:1
FNH:0
FNDA:0,(empty-report)
DA:1,0
DA:2,0
DA:3,0
DA:4,0
DA:5,0
DA:6,0
DA:7,0
DA:8,0
DA:10,0
DA:11,0
DA:21,0
DA:22,0
DA:23,0
DA:25,0
DA:26,0
DA:27,0
DA:28,0
DA:29,0
DA:30,0
DA:31,0
DA:32,0
DA:33,0
DA:34,0
DA:36,0
DA:37,0
DA:38,0
DA:39,0
DA:40,0
DA:41,0
DA:42,0
DA:43,0
DA:44,0
DA:45,0
DA:46,0
DA:47,0
DA:50,0
DA:51,0
DA:52,0
DA:53,0
DA:55,0
DA:56,0
DA:61,0
DA:62,0
DA:63,0
DA:64,0
DA:65,0
DA:71,0
DA:72,0
DA:73,0
DA:74,0
DA:75,0
DA:76,0
DA:77,0
DA:78,0
DA:79,0
DA:80,0
DA:81,0
DA:82,0
DA:83,0
DA:84,0
DA:85,0
DA:86,0
DA:87,0
DA:88,0
DA:89,0
DA:90,0
DA:91,0
DA:92,0
DA:93,0
DA:94,0
DA:95,0
DA:96,0
DA:97,0
DA:98,0
DA:99,0
DA:100,0
DA:101,0
DA:102,0
DA:103,0
DA:105,0
DA:106,0
DA:107,0
DA:108,0
DA:109,0
DA:111,0
DA:112,0
DA:113,0
DA:114,0
DA:115,0
DA:116,0
DA:117,0
DA:118,0
DA:119,0
DA:121,0
DA:122,0
DA:123,0
DA:124,0
DA:125,0
DA:126,0
DA:127,0
DA:128,0
DA:129,0
DA:130,0
DA:131,0
DA:132,0
DA:133,0
DA:134,0
DA:135,0
DA:136,0
DA:137,0
DA:139,0
DA:140,0
DA:141,0
DA:142,0
DA:143,0
DA:144,0
DA:145,0
DA:146,0
DA:147,0
DA:148,0
DA:149,0
DA:150,0
DA:151,0
DA:157,0
DA:158,0
DA:159,0
DA:160,0
DA:161,0
DA:162,0
DA:163,0
DA:164,0
DA:165,0
DA:167,0
DA:168,0
DA:169,0
DA:170,0
DA:171,0
DA:173,0
DA:175,0
DA:176,0
DA:183,0
DA:185,0
DA:186,0
DA:188,0
DA:189,0
DA:190,0
DA:192,0
DA:193,0
DA:194,0
DA:195,0
DA:196,0
DA:197,0
DA:198,0
DA:199,0
DA:200,0
DA:201,0
DA:202,0
DA:203,0
DA:204,0
DA:205,0
DA:206,0
DA:207,0
DA:208,0
DA:209,0
DA:211,0
DA:212,0
DA:213,0
DA:214,0
DA:215,0
DA:216,0
DA:217,0
DA:218,0
DA:219,0
DA:220,0
DA:221,0
DA:222,0
DA:224,0
DA:226,0
DA:227,0
DA:228,0
DA:229,0
DA:230,0
DA:231,0
DA:232,0
DA:233,0
DA:234,0
DA:235,0
DA:236,0
DA:237,0
DA:238,0
DA:244,0
DA:245,0
DA:246,0
DA:247,0
DA:248,0
DA:249,0
DA:250,0
DA:251,0
DA:252,0
DA:254,0
DA:255,0
DA:256,0
DA:257,0
DA:258,0
DA:260,0
DA:261,0
DA:262,0
DA:263,0
DA:265,0
DA:267,0
DA:268,0
DA:269,0
DA:270,0
DA:271,0
DA:272,0
DA:273,0
DA:274,0
DA:275,0
DA:276,0
DA:277,0
DA:278,0
DA:279,0
DA:280,0
DA:281,0
DA:282,0
DA:283,0
DA:284,0
DA:285,0
DA:287,0
DA:288,0
DA:289,0
DA:290,0
DA:291,0
DA:292,0
DA:293,0
DA:294,0
DA:295,0
DA:296,0
DA:297,0
DA:298,0
DA:299,0
DA:300,0
LF:242
LH:0
BRDA:1,0,0,0
BRF:1
BRH:0
end_of_record
TN:
SF:src/mcp/shared/baseMcpServer.ts
FN:21,<instance_members_initializer>
FN:26,BaseMCPServer
FN:46,initialize
FN:59,registerCommonResources
FN:64,list
FN:121,registerCommonTools
FN:195,validateFileType
FN:202,registerCustomResources
FN:209,registerCustomTools
FN:216,getServer
FNF:10
FNH:8
FNDA:64,<instance_members_initializer>
FNDA:64,BaseMCPServer
FNDA:64,initialize
FNDA:64,registerCommonResources
FNDA:1,list
FNDA:64,registerCommonTools
FNDA:2,validateFileType
FNDA:64,registerCustomResources
FNDA:0,registerCustomTools
FNDA:0,getServer
DA:1,1
DA:2,1
DA:4,1
DA:5,1
DA:8,1
DA:9,1
DA:21,1
DA:22,64
DA:23,64
DA:24,64
DA:26,64
DA:27,64
DA:28,64
DA:30,64
DA:31,64
DA:32,64
DA:33,64
DA:34,64
DA:35,64
DA:36,64
DA:37,64
DA:38,64
DA:39,64
DA:40,64
DA:41,64
DA:43,64
DA:44,64
DA:46,64
DA:47,64
DA:48,64
DA:49,64
DA:52,64
DA:53,64
DA:54,64
DA:59,64
DA:61,64
DA:62,64
DA:63,64
DA:64,64
DA:65,1
DA:66,1
DA:67,1
DA:68,1
DA:69,1
DA:70,1
DA:71,1
DA:72,64
DA:73,64
DA:74,2
DA:75,2
DA:76,2
DA:77,2
DA:78,2
DA:80,2
DA:81,1
DA:82,1
DA:84,1
DA:85,1
DA:86,1
DA:87,1
DA:88,1
DA:89,1
DA:90,1
DA:91,1
DA:92,2
DA:93,64
DA:96,64
DA:97,1
DA:98,1
DA:100,1
DA:101,1
DA:102,1
DA:103,1
DA:104,1
DA:105,1
DA:106,2
DA:107,2
DA:108,1
DA:109,1
DA:110,1
DA:111,1
DA:112,1
DA:113,1
DA:114,1
DA:115,64
DA:116,64
DA:121,64
DA:123,64
DA:124,64
DA:125,64
DA:126,64
DA:127,64
DA:128,64
DA:129,64
DA:130,64
DA:131,64
DA:134,64
DA:135,64
DA:136,64
DA:137,64
DA:138,64
DA:139,64
DA:140,64
DA:141,64
DA:142,64
DA:145,64
DA:146,64
DA:147,64
DA:148,64
DA:149,64
DA:150,64
DA:151,64
DA:152,64
DA:153,64
DA:154,2
DA:155,2
DA:156,2
DA:157,2
DA:158,2
DA:159,2
DA:160,2
DA:161,2
DA:162,2
DA:163,2
DA:164,2
DA:165,64
DA:166,64
DA:167,64
DA:170,64
DA:171,64
DA:172,64
DA:173,64
DA:174,64
DA:175,64
DA:176,64
DA:177,64
DA:178,64
DA:181,64
DA:182,64
DA:183,64
DA:184,64
DA:185,64
DA:186,64
DA:187,64
DA:188,64
DA:189,64
DA:190,64
DA:195,64
DA:196,2
DA:197,2
DA:202,64
DA:204,64
DA:209,64
DA:211,0
DA:216,64
DA:217,0
DA:218,0
DA:219,64
LF:158
LH:155
BRDA:21,0,0,64
BRDA:26,1,0,64
BRDA:28,2,0,0
BRDA:46,3,0,64
BRDA:59,4,0,64
BRDA:64,5,0,1
BRDA:73,6,0,2
BRDA:76,7,0,0
BRDA:80,8,0,1
BRDA:96,9,0,1
BRDA:105,10,0,2
BRDA:121,11,0,64
BRDA:128,12,0,3
BRDA:139,13,0,2
BRDA:153,14,0,2
BRDA:195,15,0,2
BRDA:202,16,0,64
BRF:17
BRH:15
end_of_record
TN:
SF:src/mcp/shared/mcpToolHelpers.ts
FN:17,ensureMemoryBankReady
FN:46,createSuccessResponse
FN:55,createErrorResponse
FN:73,createMemoryBankTool
FN:97,createSimpleMemoryBankTool
FN:112,initialize
FN:145,readAllFiles
FN:168,listFiles
FN:197,checkHealth
FN:204,updateFile
FN:225,buildReviewResponsePayload
FNF:11
FNH:8
FNDA:11,ensureMemoryBankReady
FNDA:5,createSuccessResponse
FNDA:3,createErrorResponse
FNDA:404,createMemoryBankTool
FNDA:256,createSimpleMemoryBankTool
FNDA:3,initialize
FNDA:2,readAllFiles
FNDA:0,listFiles
FNDA:0,checkHealth
FNDA:2,updateFile
FNDA:0,buildReviewResponsePayload
DA:9,1
DA:17,11
DA:18,11
DA:19,11
DA:20,11
DA:21,4
DA:22,4
DA:23,4
DA:25,1
DA:26,1
DA:28,4
DA:30,0
DA:31,0
DA:32,0
DA:33,0
DA:34,0
DA:35,0
DA:36,0
DA:37,0
DA:38,4
DA:40,10
DA:41,10
DA:46,1
DA:47,5
DA:48,5
DA:49,5
DA:50,5
DA:55,1
DA:56,3
DA:57,3
DA:59,3
DA:60,3
DA:61,3
DA:62,3
DA:63,3
DA:73,1
DA:74,404
DA:75,404
DA:76,404
DA:77,404
DA:78,404
DA:79,8
DA:80,8
DA:81,1
DA:82,1
DA:84,7
DA:86,8
DA:87,2
DA:88,2
DA:90,5
DA:91,8
DA:92,404
DA:97,1
DA:98,256
DA:99,256
DA:100,256
DA:101,256
DA:102,256
DA:103,256
DA:108,1
DA:112,1
DA:113,3
DA:114,3
DA:115,0
DA:116,0
DA:118,3
DA:120,3
DA:121,2
DA:122,2
DA:123,1
DA:124,1
DA:126,1
DA:127,2
DA:128,0
DA:129,0
DA:131,1
DA:132,1
DA:134,1
DA:135,3
DA:136,0
DA:137,0
DA:139,1
DA:140,3
DA:145,1
DA:146,2
DA:147,2
DA:148,2
DA:149,1
DA:150,1
DA:151,2
DA:153,2
DA:154,0
DA:155,0
DA:156,0
DA:157,0
DA:158,0
DA:159,0
DA:160,0
DA:162,2
DA:163,2
DA:168,1
DA:169,0
DA:170,0
DA:171,0
DA:172,0
DA:173,0
DA:174,0
DA:175,0
DA:176,0
DA:177,0
DA:178,0
DA:179,0
DA:180,0
DA:182,0
DA:183,0
DA:184,0
DA:185,0
DA:186,0
DA:187,0
DA:188,0
DA:189,0
DA:191,0
DA:192,0
DA:197,1
DA:198,0
DA:199,0
DA:204,1
DA:205,2
DA:206,2
DA:207,2
DA:208,2
DA:209,2
DA:210,2
DA:211,2
DA:212,2
DA:214,2
DA:215,1
DA:216,1
DA:218,1
DA:219,2
DA:225,1
DA:228,0
DA:229,0
DA:230,0
DA:231,0
DA:232,0
DA:233,0
DA:234,0
DA:235,0
DA:236,0
DA:237,0
DA:238,0
DA:239,0
DA:241,0
DA:242,0
DA:243,0
DA:244,0
DA:246,0
DA:247,0
DA:248,0
DA:249,0
DA:250,0
DA:251,1
LF:163
LH:97
BRDA:17,0,0,11
BRDA:20,1,0,4
BRDA:23,2,0,1
BRDA:26,3,0,3
BRDA:28,4,0,0
BRDA:38,5,0,10
BRDA:46,6,0,5
BRDA:55,7,0,3
BRDA:56,8,0,0
BRDA:57,9,0,0
BRDA:73,10,0,404
BRDA:78,11,0,8
BRDA:80,12,0,1
BRDA:82,13,0,7
BRDA:86,14,0,2
BRDA:88,15,0,5
BRDA:97,16,0,256
BRDA:112,17,0,3
BRDA:114,18,0,0
BRDA:120,19,0,2
BRDA:122,20,0,1
BRDA:127,21,0,0
BRDA:129,22,0,1
BRDA:132,23,0,1
BRDA:135,24,0,0
BRDA:137,25,0,1
BRDA:145,26,0,2
BRDA:153,27,0,0
BRDA:146,28,0,2
BRDA:148,29,0,1
BRDA:149,30,0,1
BRDA:204,31,0,2
BRDA:214,32,0,1
BRF:33
BRH:26
end_of_record
TN:
SF:src/metadata/MetadataFilter.ts
FN:14,applyMetadataFilters
FN:24,matchesAllCriteria
FN:38,matchesType
FN:45,matchesTags
FN:52,matchesValidationStatus
FN:62,matchesDateRanges
FN:79,matchesSizeRange
FN:96,matchesLineCountRange
FN:113,applyTextSearch
FN:129,extractSearchableText
FNF:10
FNH:10
FNDA:37,applyMetadataFilters
FNDA:1138,matchesAllCriteria
FNDA:1138,matchesType
FNDA:1122,matchesTags
FNDA:1108,matchesValidationStatus
FNDA:1098,matchesDateRanges
FNDA:1092,matchesSizeRange
FNDA:1092,matchesLineCountRange
FNDA:10,applyTextSearch
FNDA:29,extractSearchableText
DA:9,1
DA:14,1
DA:15,37
DA:16,37
DA:17,37
DA:18,37
DA:19,37
DA:24,1138
DA:25,1138
DA:26,1138
DA:27,1122
DA:28,1108
DA:29,1098
DA:30,1092
DA:31,1092
DA:33,1138
DA:38,1138
DA:39,1138
DA:40,1138
DA:45,1122
DA:46,1122
DA:47,1122
DA:52,1108
DA:53,1108
DA:54,1108
DA:55,1108
DA:56,1108
DA:57,1108
DA:62,1098
DA:63,1098
DA:64,1098
DA:65,1080
DA:66,18
DA:68,1098
DA:69,1098
DA:70,1098
DA:71,0
DA:73,1098
DA:74,1098
DA:79,1092
DA:80,1092
DA:82,1092
DA:83,0
DA:84,0
DA:86,1092
DA:87,0
DA:88,0
DA:90,1092
DA:91,1092
DA:96,1092
DA:97,1092
DA:99,1092
DA:100,0
DA:101,0
DA:103,1092
DA:104,0
DA:105,0
DA:107,1092
DA:108,1092
DA:113,1
DA:114,10
DA:115,10
DA:116,10
DA:117,10
DA:118,10
DA:120,10
DA:121,29
DA:122,29
DA:123,10
DA:124,10
DA:129,29
DA:130,29
DA:132,29
DA:133,29
DA:134,29
DA:135,29
DA:136,29
DA:138,29
DA:139,29
LF:79
LH:70
BRDA:14,0,0,37
BRDA:18,1,0,1138
BRDA:24,2,0,1138
BRDA:26,3,0,1122
BRDA:27,4,0,1108
BRDA:28,5,0,1098
BRDA:29,6,0,1092
BRDA:30,7,0,1092
BRDA:38,8,0,1138
BRDA:39,9,0,20
BRDA:45,10,0,1122
BRDA:46,11,0,24
BRDA:46,12,0,20
BRDA:52,13,0,1108
BRDA:56,14,0,18
BRDA:62,15,0,1098
BRDA:64,16,0,1084
BRDA:64,17,0,1080
BRDA:65,18,0,18
BRDA:70,19,0,0
BRDA:73,20,0,1092
BRDA:79,21,0,1092
BRDA:82,22,0,0
BRDA:82,23,0,0
BRDA:86,24,0,0
BRDA:86,25,0,0
BRDA:96,26,0,1092
BRDA:99,27,0,0
BRDA:99,28,0,0
BRDA:103,29,0,0
BRDA:103,30,0,0
BRDA:113,31,0,10
BRDA:118,32,0,0
BRDA:120,33,0,29
BRDA:129,34,0,29
BRDA:132,35,0,28
BRDA:133,36,0,28
BRDA:135,37,0,28
BRDA:136,38,0,28
BRDA:136,39,0,28
BRF:40
BRH:30
end_of_record
TN:
SF:src/metadata/MetadataFinder.ts
FN:13,findByTags
FN:20,findByType
FN:27,findByValidationStatus
FN:37,findRecentlyUpdated
FN:48,findLargestFiles
FNF:5
FNH:0
FNDA:0,findByTags
FNDA:0,findByType
FNDA:0,findByValidationStatus
FNDA:0,findRecentlyUpdated
FNDA:0,findLargestFiles
DA:8,1
DA:13,1
DA:14,0
DA:15,0
DA:20,1
DA:21,0
DA:22,0
DA:27,1
DA:28,0
DA:29,0
DA:30,0
DA:31,0
DA:32,0
DA:37,1
DA:38,0
DA:39,0
DA:40,0
DA:41,0
DA:42,0
DA:43,0
DA:48,1
DA:49,0
DA:50,0
DA:51,0
LF:24
LH:6
BRF:0
BRH:0
end_of_record
TN:
SF:src/metadata/MetadataIndexManager.ts
FN:37,<instance_members_initializer>
FN:46,MetadataIndexManager
FN:71,initialize
FN:101,buildIndex
FN:210,getIndex
FN:220,getEntry
FN:230,updateEntry
FN:312,removeEntry
FN:335,getIndexStats
FN:406,triggerAutoRebuild
FN:415,addEventListener
FN:422,removeEventListener
FN:432,loadIndex
FN:450,saveIndex
FN:462,ensureIndexDirectory
FN:470,scanForMarkdownFiles
FN:473,scanDirectory
FN:506,emitEvent
FNF:18
FNH:15
FNDA:83,<instance_members_initializer>
FNDA:83,MetadataIndexManager
FNDA:19,initialize
FNDA:11,buildIndex
FNDA:2,getIndex
FNDA:6,getEntry
FNDA:3,updateEntry
FNDA:1,removeEntry
FNDA:31,getIndexStats
FNDA:0,triggerAutoRebuild
FNDA:0,addEventListener
FNDA:0,removeEventListener
FNDA:19,loadIndex
FNDA:14,saveIndex
FNDA:44,ensureIndexDirectory
FNDA:11,scanForMarkdownFiles
FNDA:12,scanDirectory
FNDA:15,emitEvent
DA:8,1
DA:9,1
DA:22,1
DA:27,1
DA:28,1
DA:29,1
DA:30,1
DA:31,1
DA:32,1
DA:37,1
DA:38,83
DA:39,83
DA:40,83
DA:41,83
DA:42,83
DA:43,83
DA:44,83
DA:46,83
DA:47,83
DA:48,83
DA:49,83
DA:50,83
DA:51,83
DA:52,83
DA:55,83
DA:56,83
DA:57,83
DA:58,0
DA:59,0
DA:60,0
DA:61,0
DA:62,0
DA:63,83
DA:64,83
DA:65,83
DA:66,83
DA:71,83
DA:73,19
DA:75,19
DA:76,19
DA:77,18
DA:80,18
DA:81,18
DA:83,19
DA:84,0
DA:85,0
DA:86,0
DA:87,0
DA:88,0
DA:89,19
DA:90,1
DA:91,1
DA:92,1
DA:93,1
DA:94,1
DA:95,1
DA:96,19
DA:101,83
DA:102,11
DA:103,0
DA:104,0
DA:106,11
DA:107,11
DA:108,11
DA:110,11
DA:111,11
DA:114,11
DA:117,11
DA:120,11
DA:121,11
DA:122,11
DA:124,11
DA:125,12
DA:127,12
DA:129,12
DA:130,12
DA:133,12
DA:136,12
DA:137,12
DA:140,12
DA:143,12
DA:144,12
DA:145,12
DA:146,12
DA:147,12
DA:148,12
DA:149,12
DA:150,0
DA:151,12
DA:152,12
DA:153,12
DA:154,12
DA:155,0
DA:156,12
DA:157,12
DA:158,12
DA:159,12
DA:160,12
DA:162,12
DA:163,12
DA:165,12
DA:166,12
DA:167,12
DA:168,12
DA:169,0
DA:170,0
DA:171,0
DA:172,0
DA:173,0
DA:174,0
DA:175,0
DA:176,12
DA:179,11
DA:181,11
DA:182,11
DA:184,11
DA:185,11
DA:186,11
DA:189,11
DA:190,11
DA:191,11
DA:192,11
DA:194,11
DA:195,11
DA:196,11
DA:197,11
DA:198,11
DA:199,11
DA:200,11
DA:201,11
DA:202,11
DA:203,11
DA:204,11
DA:205,11
DA:210,83
DA:211,2
DA:212,0
DA:213,0
DA:214,2
DA:215,2
DA:220,83
DA:221,6
DA:222,0
DA:223,0
DA:224,6
DA:225,6
DA:230,83
DA:231,3
DA:232,0
DA:233,0
DA:235,3
DA:237,3
DA:238,3
DA:239,3
DA:240,3
DA:242,1
DA:243,1
DA:246,2
DA:247,2
DA:250,2
DA:251,2
DA:254,2
DA:257,2
DA:258,2
DA:259,2
DA:260,2
DA:261,3
DA:262,3
DA:263,3
DA:264,3
DA:265,3
DA:266,2
DA:267,0
DA:268,3
DA:269,3
DA:270,3
DA:271,3
DA:272,3
DA:275,3
DA:276,3
DA:277,3
DA:278,3
DA:280,3
DA:281,1
DA:282,1
DA:283,1
DA:284,1
DA:287,2
DA:289,3
DA:292,3
DA:293,3
DA:294,3
DA:295,3
DA:296,3
DA:297,1
DA:298,1
DA:299,1
DA:300,1
DA:301,1
DA:302,1
DA:303,1
DA:305,1
DA:306,1
DA:307,3
DA:312,83
DA:313,1
DA:314,0
DA:315,0
DA:317,1
DA:318,1
DA:319,1
DA:320,1
DA:322,1
DA:325,1
DA:326,1
DA:327,1
DA:328,1
DA:329,1
DA:330,1
DA:335,83
DA:336,31
DA:337,0
DA:338,0
DA:340,31
DA:341,31
DA:342,31
DA:343,31
DA:344,31
DA:345,31
DA:346,31
DA:348,31
DA:350,15
DA:351,15
DA:354,15
DA:355,0
DA:356,0
DA:357,0
DA:358,0
DA:361,15
DA:362,15
DA:365,15
DA:366,15
DA:367,1
DA:368,1
DA:369,15
DA:370,0
DA:371,0
DA:372,15
DA:373,14
DA:374,14
DA:375,15
DA:376,15
DA:379,31
DA:380,31
DA:382,31
DA:383,31
DA:384,13
DA:385,31
DA:387,18
DA:389,31
DA:390,31
DA:391,31
DA:392,31
DA:393,31
DA:394,31
DA:395,31
DA:396,31
DA:397,31
DA:398,31
DA:399,31
DA:400,31
DA:401,31
DA:406,83
DA:407,0
DA:408,0
DA:409,0
DA:410,0
DA:415,83
DA:416,0
DA:417,0
DA:422,83
DA:423,0
DA:424,0
DA:425,0
DA:426,0
DA:427,0
DA:432,83
DA:433,19
DA:434,19
DA:435,2
DA:436,2
DA:437,19
DA:438,18
DA:439,17
DA:440,17
DA:441,18
DA:442,1
DA:443,1
DA:444,18
DA:445,19
DA:450,83
DA:451,14
DA:452,14
DA:453,14
DA:454,14
DA:455,14
DA:456,14
DA:457,14
DA:462,83
DA:463,44
DA:464,44
DA:465,44
DA:470,83
DA:471,11
DA:473,11
DA:474,12
DA:475,12
DA:477,12
DA:478,26
DA:479,1
DA:480,25
DA:481,26
DA:483,26
DA:485,12
DA:486,1
DA:487,1
DA:488,26
DA:489,12
DA:490,12
DA:491,26
DA:492,12
DA:493,0
DA:494,0
DA:495,0
DA:496,0
DA:497,12
DA:499,11
DA:500,11
DA:501,11
DA:506,83
DA:507,15
DA:508,0
DA:509,0
DA:510,0
DA:511,0
DA:512,0
DA:513,0
DA:514,0
DA:515,0
DA:516,15
DA:517,83
LF:351
LH:290
BRDA:37,0,0,83
BRDA:46,1,0,83
BRDA:71,2,0,19
BRDA:76,3,0,18
BRDA:83,4,0,0
BRDA:89,5,0,1
BRDA:91,6,0,0
BRDA:101,7,0,11
BRDA:102,8,0,0
BRDA:124,9,0,12
BRDA:146,10,0,10
BRDA:149,11,0,0
BRDA:154,12,0,0
BRDA:168,13,0,0
BRDA:210,14,0,2
BRDA:211,15,0,0
BRDA:220,16,0,6
BRDA:221,17,0,0
BRDA:224,18,0,4
BRDA:230,19,0,3
BRDA:231,20,0,0
BRDA:239,21,0,2
BRDA:240,22,0,1
BRDA:243,23,0,2
BRDA:263,24,0,0
BRDA:263,25,0,2
BRDA:265,26,0,2
BRDA:266,27,0,0
BRDA:268,28,0,2
BRDA:280,29,0,1
BRDA:284,30,0,2
BRDA:289,31,0,1
BRDA:289,32,0,1
BRDA:293,33,0,1
BRDA:293,34,0,1
BRDA:296,35,0,1
BRDA:298,36,0,0
BRDA:302,37,0,0
BRDA:276,38,0,1
BRDA:312,39,0,1
BRDA:313,40,0,0
BRDA:317,41,0,1
BRDA:335,42,0,31
BRDA:336,43,0,0
BRDA:348,44,0,15
BRDA:350,45,0,0
BRDA:351,46,0,12
BRDA:354,47,0,0
BRDA:366,48,0,1
BRDA:369,49,0,0
BRDA:372,50,0,14
BRDA:383,51,0,13
BRDA:385,52,0,18
BRDA:432,53,0,19
BRDA:434,54,0,2
BRDA:437,55,0,18
BRDA:438,56,0,17
BRDA:441,57,0,1
BRDA:450,58,0,14
BRDA:462,59,0,44
BRDA:470,60,0,11
BRDA:473,61,0,12
BRDA:477,62,0,26
BRDA:478,63,0,1
BRDA:479,64,0,25
BRDA:483,65,0,12
BRDA:485,66,0,1
BRDA:485,67,0,1
BRDA:488,68,0,14
BRDA:488,69,0,12
BRDA:492,70,0,0
BRDA:506,71,0,15
BRDA:507,72,0,0
BRF:73
BRH:53
end_of_record
TN:
SF:src/metadata/MetadataSearchEngine.ts
FN:38,MetadataSearchEngine
FN:43,search
FN:105,findByMetadata
FN:113,findByTags
FN:121,findByType
FN:129,findByValidationStatus
FN:137,findRecentlyUpdated
FN:145,findLargestFiles
FN:153,getAllTags
FN:161,getAllFileTypes
FN:169,getTagStats
FN:177,getTypeStats
FN:185,extractFiltersFromOptions
FNF:13
FNH:3
FNDA:100,MetadataSearchEngine
FNDA:37,search
FNDA:0,findByMetadata
FNDA:0,findByTags
FNDA:0,findByType
FNDA:0,findByValidationStatus
FNDA:0,findRecentlyUpdated
FNDA:0,findLargestFiles
FNDA:0,getAllTags
FNDA:0,getAllFileTypes
FNDA:0,getTagStats
FNDA:0,getTypeStats
FNDA:37,extractFiltersFromOptions
DA:16,1
DA:17,1
DA:24,1
DA:30,1
DA:37,1
DA:38,1
DA:43,1
DA:45,37
DA:48,37
DA:51,37
DA:52,10
DA:53,10
DA:56,37
DA:59,37
DA:60,0
DA:62,0
DA:63,0
DA:65,0
DA:66,0
DA:67,0
DA:68,0
DA:69,0
DA:70,0
DA:71,37
DA:73,10
DA:74,37
DA:76,27
DA:77,27
DA:80,37
DA:81,37
DA:82,37
DA:83,37
DA:85,37
DA:86,37
DA:87,37
DA:88,10
DA:89,10
DA:91,37
DA:92,37
DA:93,37
DA:94,37
DA:95,37
DA:96,37
DA:97,37
DA:98,37
DA:99,37
DA:100,37
DA:105,1
DA:106,0
DA:107,0
DA:108,0
DA:113,1
DA:114,0
DA:115,0
DA:116,0
DA:121,1
DA:122,0
DA:123,0
DA:124,0
DA:129,1
DA:130,0
DA:131,0
DA:132,0
DA:137,1
DA:138,0
DA:139,0
DA:140,0
DA:145,1
DA:146,0
DA:147,0
DA:148,0
DA:153,1
DA:154,0
DA:155,0
DA:156,0
DA:161,1
DA:162,0
DA:163,0
DA:164,0
DA:169,1
DA:170,0
DA:171,0
DA:172,0
DA:177,1
DA:178,0
DA:179,0
DA:180,0
DA:185,1
DA:186,37
DA:188,37
DA:189,37
DA:190,37
DA:191,37
DA:192,37
DA:193,37
DA:194,37
DA:195,37
DA:196,37
DA:197,37
DA:198,37
DA:199,37
DA:201,37
DA:202,37
DA:203,1
LF:104
LH:65
BRDA:38,0,0,100
BRDA:43,1,0,37
BRDA:51,2,0,10
BRDA:59,3,0,0
BRDA:71,4,0,10
BRDA:74,5,0,27
BRDA:80,6,0,34
BRDA:81,7,0,33
BRDA:87,8,0,10
BRDA:185,9,0,37
BRDA:188,10,0,5
BRDA:189,11,0,8
BRDA:191,12,0,6
BRDA:192,13,0,4
BRDA:193,14,0,2
BRDA:194,15,0,0
BRDA:195,16,0,0
BRDA:196,17,0,0
BRDA:197,18,0,0
BRDA:198,19,0,0
BRDA:199,20,0,0
BRF:21
BRH:14
end_of_record
TN:
SF:src/metadata/MetadataStats.ts
FN:12,extractAllTags
FN:29,extractAllFileTypes
FN:44,calculateTagStats
FN:61,calculateTypeStats
FNF:4
FNH:0
FNDA:0,extractAllTags
FNDA:0,extractAllFileTypes
FNDA:0,calculateTagStats
FNDA:0,calculateTypeStats
DA:12,1
DA:13,0
DA:15,0
DA:16,0
DA:17,0
DA:18,0
DA:19,0
DA:20,0
DA:21,0
DA:23,0
DA:24,0
DA:29,1
DA:30,0
DA:32,0
DA:33,0
DA:34,0
DA:35,0
DA:36,0
DA:38,0
DA:39,0
DA:44,1
DA:45,0
DA:47,0
DA:48,0
DA:49,0
DA:50,0
DA:51,0
DA:52,0
DA:53,0
DA:55,0
DA:56,0
DA:61,1
DA:62,0
DA:64,0
DA:65,0
DA:66,0
DA:67,0
DA:69,0
DA:70,0
LF:39
LH:4
BRF:0
BRH:0
end_of_record
TN:
SF:src/metadata/index.ts
FN:1,(empty-report)
FNF:1
FNH:1
FNDA:1,(empty-report)
DA:8,0
DA:9,0
DA:12,0
DA:15,0
DA:16,0
DA:17,0
LF:6
LH:0
BRDA:1,0,0,1
BRF:1
BRH:1
end_of_record
TN:
SF:src/metadata/indexUtils.ts
FN:13,countLines
FN:21,countWords
FN:32,formatFileSize
FN:51,calculateFileMetrics
FN:70,extractSearchableText
FN:85,parseFlexibleDate
FN:106,isDateInRange
FN:126,hasAllTags
FN:139,hasAnyTags
FN:153,calculateRelevanceScore
FN:190,rankSearchResults
FN:208,sortEntries
FN:247,inferFileType
FN:275,debounce
FN:297,deepClone
FNF:15
FNH:14
FNDA:28,countLines
FNDA:14,countWords
FNDA:14,formatFileSize
FNDA:14,calculateFileMetrics
FNDA:9,extractSearchableText
FNDA:39,parseFlexibleDate
FNDA:18,isDateInRange
FNDA:0,hasAllTags
FNDA:20,hasAnyTags
FNDA:9,calculateRelevanceScore
FNDA:10,rankSearchResults
FNDA:27,sortEntries
FNDA:12,inferFileType
FNDA:83,debounce
FNDA:2,deepClone
DA:13,1
DA:14,28
DA:15,28
DA:16,28
DA:21,1
DA:22,14
DA:23,14
DA:24,14
DA:25,14
DA:26,14
DA:27,14
DA:32,1
DA:33,14
DA:35,14
DA:36,14
DA:37,14
DA:39,14
DA:40,0
DA:41,0
DA:42,0
DA:44,14
DA:45,14
DA:46,14
DA:51,1
DA:52,14
DA:53,14
DA:54,14
DA:55,14
DA:56,14
DA:57,14
DA:58,14
DA:59,14
DA:60,14
DA:61,14
DA:62,14
DA:63,14
DA:64,14
DA:70,1
DA:71,9
DA:73,9
DA:74,9
DA:75,9
DA:76,9
DA:78,9
DA:79,9
DA:85,1
DA:86,39
DA:88,39
DA:90,39
DA:93,39
DA:94,4
DA:95,4
DA:97,35
DA:98,39
DA:99,0
DA:100,0
DA:101,39
DA:106,1
DA:107,18
DA:108,18
DA:110,18
DA:111,14
DA:112,14
DA:113,14
DA:115,18
DA:116,7
DA:117,7
DA:118,7
DA:120,12
DA:121,12
DA:126,1
DA:127,0
DA:128,0
DA:130,0
DA:131,0
DA:133,0
DA:134,0
DA:139,1
DA:140,20
DA:141,20
DA:143,19
DA:144,19
DA:146,19
DA:147,19
DA:153,1
DA:154,9
DA:156,9
DA:157,9
DA:160,9
DA:161,9
DA:163,9
DA:164,9
DA:165,9
DA:168,0
DA:169,0
DA:171,9
DA:173,0
DA:174,0
DA:175,0
DA:176,0
DA:177,0
DA:178,0
DA:179,0
DA:180,0
DA:181,0
DA:183,0
DA:184,0
DA:190,1
DA:191,10
DA:192,10
DA:193,10
DA:194,10
DA:196,10
DA:197,9
DA:198,9
DA:199,10
DA:201,10
DA:202,10
DA:203,10
DA:208,1
DA:209,27
DA:210,27
DA:211,27
DA:212,27
DA:213,27
DA:214,1040
DA:216,1040
DA:217,1040
DA:218,0
DA:219,0
DA:220,1040
DA:221,1040
DA:222,1040
DA:223,1040
DA:224,0
DA:225,0
DA:226,1040
DA:227,0
DA:228,0
DA:229,1040
DA:230,0
DA:231,0
DA:232,1040
DA:235,0
DA:236,1040
DA:238,1040
DA:239,27
DA:241,27
DA:242,27
DA:247,1
DA:248,12
DA:249,12
DA:252,12
DA:253,12
DA:254,12
DA:255,12
DA:256,12
DA:259,12
DA:260,12
DA:261,12
DA:262,12
DA:263,12
DA:264,0
DA:265,12
DA:266,0
DA:267,12
DA:268,0
DA:269,12
DA:270,12
DA:275,1
DA:276,83
DA:277,83
DA:278,83
DA:279,83
DA:281,83
DA:282,0
DA:283,0
DA:284,0
DA:285,0
DA:287,0
DA:288,0
DA:289,0
DA:290,0
DA:291,0
DA:292,83
DA:297,1
DA:298,2
DA:299,2
LF:188
LH:143
BRDA:13,0,0,28
BRDA:14,1,0,0
BRDA:21,2,0,14
BRDA:22,3,0,0
BRDA:26,4,0,18
BRDA:32,5,0,14
BRDA:33,6,0,0
BRDA:39,7,0,0
BRDA:39,8,0,0
BRDA:44,9,0,0
BRDA:51,10,0,14
BRDA:70,11,0,9
BRDA:73,12,0,8
BRDA:74,13,0,8
BRDA:76,14,0,8
BRDA:76,15,0,8
BRDA:85,16,0,39
BRDA:86,17,0,0
BRDA:93,18,0,4
BRDA:95,19,0,35
BRDA:98,20,0,0
BRDA:106,21,0,18
BRDA:108,22,0,0
BRDA:110,23,0,14
BRDA:112,24,0,10
BRDA:112,25,0,3
BRDA:113,26,0,15
BRDA:115,27,0,7
BRDA:117,28,0,3
BRDA:118,29,0,12
BRDA:139,30,0,20
BRDA:140,31,0,19
BRDA:140,32,0,1
BRDA:140,33,0,19
BRDA:141,34,0,0
BRDA:141,35,0,19
BRDA:143,36,0,45
BRDA:144,37,0,23
BRDA:146,38,0,22
BRDA:153,39,0,9
BRDA:154,40,0,0
BRDA:165,41,0,0
BRDA:171,42,0,0
BRDA:190,43,0,10
BRDA:194,44,0,0
BRDA:196,45,0,9
BRDA:202,46,0,9
BRDA:208,47,0,27
BRDA:213,48,0,1040
BRDA:217,49,0,0
BRDA:223,50,0,0
BRDA:226,51,0,0
BRDA:229,52,0,0
BRDA:232,53,0,0
BRDA:238,54,0,0
BRDA:247,55,0,12
BRDA:248,56,0,0
BRDA:252,57,0,0
BRDA:253,58,0,0
BRDA:254,59,0,0
BRDA:255,60,0,0
BRDA:256,61,0,0
BRDA:263,62,0,0
BRDA:265,63,0,0
BRDA:267,64,0,0
BRDA:275,65,0,83
BRDA:297,66,0,2
BRF:67
BRH:38
end_of_record
TN:
SF:src/performance/FileStreamer.ts
FN:18,<instance_members_initializer>
FN:25,FileStreamer
FN:50,validatePath
FN:68,manageStreamTimeout
FN:89,shouldPauseForMemoryPressure
FN:97,_handleStreamData
FN:130,_handleStreamEnd
FN:164,_handleStreamError
FN:182,streamFile
FNF:9
FNH:8
FNDA:130,<instance_members_initializer>
FNDA:130,FileStreamer
FNDA:9,validatePath
FNDA:8,manageStreamTimeout
FNDA:120,shouldPauseForMemoryPressure
FNDA:120,_handleStreamData
FNDA:6,_handleStreamEnd
FNDA:0,_handleStreamError
FNDA:9,streamFile
DA:1,1
DA:3,1
DA:18,1
DA:19,130
DA:20,130
DA:21,130
DA:22,130
DA:23,130
DA:25,130
DA:26,130
DA:27,130
DA:28,130
DA:29,130
DA:30,130
DA:31,1
DA:32,1
DA:33,1
DA:34,1
DA:36,129
DA:37,129
DA:38,129
DA:39,129
DA:40,129
DA:42,129
DA:43,129
DA:44,129
DA:45,130
DA:50,130
DA:51,9
DA:52,9
DA:53,9
DA:54,9
DA:55,9
DA:56,1
DA:57,1
DA:58,1
DA:59,1
DA:60,1
DA:61,1
DA:62,1
DA:63,9
DA:68,130
DA:69,8
DA:70,8
DA:71,8
DA:72,8
DA:73,8
DA:74,8
DA:75,2
DA:76,2
DA:77,2
DA:78,2
DA:79,2
DA:80,2
DA:81,2
DA:82,8
DA:83,8
DA:84,8
DA:89,130
DA:91,120
DA:92,120
DA:97,130
DA:98,120
DA:99,120
DA:100,120
DA:101,120
DA:102,120
DA:103,120
DA:104,120
DA:105,120
DA:106,120
DA:108,120
DA:109,20
DA:110,20
DA:112,120
DA:113,120
DA:114,120
DA:115,120
DA:116,120
DA:117,120
DA:118,10
DA:119,10
DA:120,10
DA:121,10
DA:122,10
DA:123,10
DA:124,10
DA:125,120
DA:130,130
DA:131,6
DA:132,6
DA:133,6
DA:134,6
DA:135,6
DA:136,6
DA:137,6
DA:138,6
DA:139,6
DA:140,6
DA:142,6
DA:143,6
DA:144,6
DA:145,6
DA:146,6
DA:147,6
DA:148,6
DA:149,6
DA:150,6
DA:151,0
DA:152,0
DA:153,0
DA:154,0
DA:155,0
DA:156,0
DA:157,0
DA:158,0
DA:159,6
DA:164,130
DA:165,0
DA:166,0
DA:167,0
DA:168,0
DA:169,0
DA:170,0
DA:171,0
DA:172,0
DA:173,0
DA:174,0
DA:175,0
DA:176,0
DA:182,130
DA:183,9
DA:184,9
DA:185,9
DA:186,9
DA:188,9
DA:189,9
DA:190,9
DA:191,9
DA:192,1
DA:193,1
DA:194,1
DA:195,1
DA:196,1
DA:197,1
DA:198,1
DA:199,1
DA:201,8
DA:202,8
DA:203,8
DA:204,8
DA:205,8
DA:206,8
DA:208,8
DA:209,8
DA:210,8
DA:211,8
DA:214,8
DA:215,8
DA:216,8
DA:219,8
DA:221,8
DA:222,120
DA:223,120
DA:224,120
DA:225,120
DA:226,120
DA:227,120
DA:228,120
DA:229,8
DA:231,8
DA:232,6
DA:233,6
DA:234,6
DA:235,6
DA:236,6
DA:237,6
DA:238,6
DA:239,6
DA:240,6
DA:241,8
DA:243,8
DA:244,0
DA:245,0
DA:246,8
DA:251,8
DA:252,9
DA:253,130
LF:188
LH:166
BRDA:18,0,0,130
BRDA:25,1,0,130
BRDA:30,2,0,1
BRDA:34,3,0,129
BRDA:50,4,0,9
BRDA:55,5,0,1
BRDA:57,6,0,0
BRDA:60,7,0,0
BRDA:68,8,0,8
BRDA:74,9,0,2
BRDA:89,10,0,120
BRDA:97,11,0,120
BRDA:103,12,0,0
BRDA:108,13,0,20
BRDA:108,14,0,20
BRDA:117,15,0,10
BRDA:119,16,0,10
BRDA:130,17,0,6
BRDA:150,18,0,0
BRDA:182,19,0,9
BRDA:191,20,0,1
BRDA:194,21,0,0
BRDA:196,22,0,0
BRDA:199,23,0,8
BRDA:201,24,0,8
BRDA:208,25,0,4
BRDA:208,26,0,7
BRDA:209,27,0,4
BRDA:209,28,0,6
BRDA:211,29,0,4
BRDA:221,30,0,120
BRDA:231,31,0,6
BRF:32
BRH:26
end_of_record
TN:
SF:src/performance/StreamingManager.ts
FN:22,<instance_members_initializer>
FN:42,StreamingManager
FN:75,_validateAndResolvePath
FN:110,_startOperation
FN:130,_endOperation
FN:149,readFile
FN:214,normalReadFile
FN:246,updateAverageTimes
FN:265,getStats
FN:272,resetStats
FN:287,getActiveOperations
FN:294,getConfig
FN:311,wouldStreamFile
FNF:13
FNH:13
FNDA:116,<instance_members_initializer>
FNDA:116,StreamingManager
FNDA:26,_validateAndResolvePath
FNDA:13,_startOperation
FNDA:11,_endOperation
FNDA:20,readFile
FNDA:5,normalReadFile
FNDA:11,updateAverageTimes
FNDA:5,getStats
FNDA:1,resetStats
FNDA:1,getActiveOperations
FNDA:2,getConfig
FNDA:6,wouldStreamFile
DA:2,1
DA:3,1
DA:4,1
DA:16,1
DA:22,1
DA:23,116
DA:24,116
DA:25,116
DA:26,116
DA:27,116
DA:28,116
DA:30,116
DA:31,116
DA:32,116
DA:33,116
DA:34,116
DA:35,116
DA:36,116
DA:37,116
DA:38,116
DA:40,116
DA:42,116
DA:43,116
DA:44,116
DA:45,116
DA:46,116
DA:47,116
DA:48,1
DA:49,1
DA:50,1
DA:51,1
DA:53,115
DA:54,116
DA:55,116
DA:56,116
DA:57,116
DA:60,116
DA:61,116
DA:62,116
DA:63,116
DA:64,116
DA:65,116
DA:67,116
DA:68,116
DA:69,116
DA:70,116
DA:75,116
DA:76,26
DA:77,26
DA:78,26
DA:79,26
DA:80,26
DA:81,26
DA:82,26
DA:83,26
DA:84,26
DA:85,8
DA:86,8
DA:87,8
DA:88,8
DA:89,8
DA:90,8
DA:91,8
DA:92,8
DA:93,26
DA:94,0
DA:95,0
DA:96,0
DA:97,0
DA:98,0
DA:99,0
DA:100,0
DA:101,0
DA:102,0
DA:103,0
DA:104,18
DA:105,26
DA:110,116
DA:111,13
DA:112,13
DA:113,13
DA:114,13
DA:115,13
DA:116,13
DA:117,13
DA:118,13
DA:119,13
DA:120,13
DA:121,13
DA:122,13
DA:123,13
DA:124,13
DA:125,13
DA:130,116
DA:131,11
DA:132,11
DA:133,11
DA:134,11
DA:135,11
DA:136,11
DA:137,11
DA:138,11
DA:139,11
DA:140,11
DA:141,11
DA:142,11
DA:143,11
DA:144,11
DA:149,116
DA:150,20
DA:151,20
DA:152,20
DA:154,20
DA:155,20
DA:156,20
DA:157,6
DA:158,6
DA:159,14
DA:161,14
DA:162,14
DA:163,14
DA:165,14
DA:166,14
DA:167,13
DA:168,20
DA:169,20
DA:171,20
DA:173,20
DA:174,8
DA:175,8
DA:176,8
DA:177,8
DA:178,8
DA:179,8
DA:180,19
DA:181,5
DA:182,5
DA:183,5
DA:184,5
DA:185,5
DA:187,20
DA:188,11
DA:189,11
DA:190,11
DA:191,11
DA:192,19
DA:193,2
DA:194,2
DA:196,13
DA:197,19
DA:198,1
DA:199,0
DA:200,0
DA:201,1
DA:202,1
DA:203,1
DA:204,1
DA:205,1
DA:206,1
DA:207,1
DA:208,1
DA:209,20
DA:214,116
DA:215,5
DA:216,5
DA:217,5
DA:218,5
DA:219,5
DA:220,5
DA:221,5
DA:223,5
DA:224,5
DA:225,5
DA:226,5
DA:227,5
DA:228,5
DA:229,5
DA:231,5
DA:232,5
DA:233,0
DA:234,0
DA:235,0
DA:236,0
DA:237,0
DA:238,0
DA:239,0
DA:240,0
DA:241,5
DA:246,116
DA:247,11
DA:248,11
DA:249,11
DA:252,11
DA:253,11
DA:255,11
DA:256,6
DA:257,11
DA:258,5
DA:259,5
DA:260,11
DA:265,116
DA:266,5
DA:267,5
DA:272,116
DA:273,1
DA:274,1
DA:275,1
DA:276,1
DA:277,1
DA:278,1
DA:279,1
DA:281,1
DA:282,1
DA:287,116
DA:288,1
DA:289,1
DA:294,116
DA:299,2
DA:300,2
DA:301,2
DA:302,2
DA:303,2
DA:304,2
DA:305,2
DA:306,2
DA:311,116
DA:312,6
DA:313,6
DA:314,6
DA:316,6
DA:318,6
DA:319,6
DA:320,2
DA:321,2
DA:322,4
DA:324,4
DA:325,4
DA:326,3
DA:327,5
DA:328,1
DA:329,1
DA:330,1
DA:331,1
DA:332,1
DA:333,1
DA:334,1
DA:335,1
DA:336,6
DA:337,116
LF:249
LH:229
BRDA:22,0,0,116
BRDA:42,1,0,116
BRDA:47,2,0,1
BRDA:51,3,0,115
BRDA:54,4,0,56
BRDA:54,5,0,59
BRDA:55,6,0,56
BRDA:55,7,0,59
BRDA:56,8,0,56
BRDA:56,9,0,59
BRDA:57,10,0,56
BRDA:57,11,0,59
BRDA:75,12,0,26
BRDA:84,13,0,8
BRDA:87,14,0,0
BRDA:89,15,0,0
BRDA:93,16,0,24
BRDA:93,17,0,0
BRDA:103,18,0,18
BRDA:110,19,0,13
BRDA:130,20,0,11
BRDA:149,21,0,20
BRDA:154,22,0,6
BRDA:154,23,0,18
BRDA:156,24,0,6
BRDA:158,25,0,19
BRDA:158,26,0,14
BRDA:166,27,0,13
BRDA:168,28,0,8
BRDA:168,29,0,5
BRDA:173,30,0,19
BRDA:173,31,0,8
BRDA:180,32,0,5
BRDA:185,33,0,13
BRDA:187,34,0,19
BRDA:187,35,0,11
BRDA:192,36,0,2
BRDA:194,37,0,13
BRDA:197,38,0,1
BRDA:198,39,0,0
BRDA:203,40,0,0
BRDA:205,41,0,0
BRDA:214,42,0,5
BRDA:232,43,0,0
BRDA:246,44,0,11
BRDA:249,45,0,6
BRDA:249,46,0,5
BRDA:253,47,0,0
BRDA:255,48,0,6
BRDA:257,49,0,5
BRDA:265,50,0,5
BRDA:272,51,0,1
BRDA:287,52,0,1
BRDA:294,53,0,2
BRDA:311,54,0,6
BRDA:316,55,0,5
BRDA:319,56,0,2
BRDA:321,57,0,5
BRDA:321,58,0,4
BRDA:325,59,0,3
BRDA:327,60,0,1
BRDA:330,61,0,0
BRDA:332,62,0,0
BRF:63
BRH:53
end_of_record
TN:
SF:src/services/cursor/config-helpers.ts
FN:26,ensureCursorDirectory
FN:57,readCursorMCPConfig
FN:80,writeCursorMCPConfig
FN:91,createAIMemoryServerConfig
FN:103,compareServerConfigs
FN:131,updateCursorMCPServerConfig
FNF:6
FNH:6
FNDA:13,ensureCursorDirectory
FNDA:12,readCursorMCPConfig
FNDA:9,writeCursorMCPConfig
FNDA:11,createAIMemoryServerConfig
FNDA:9,compareServerConfigs
FNDA:10,updateCursorMCPServerConfig
DA:8,1
DA:9,1
DA:10,1
DA:11,1
DA:12,1
DA:13,1
DA:26,13
DA:27,13
DA:28,13
DA:30,13
DA:31,13
DA:32,10
DA:33,13
DA:34,3
DA:36,1
DA:37,1
DA:38,1
DA:40,2
DA:41,2
DA:42,2
DA:43,2
DA:44,2
DA:45,2
DA:47,0
DA:48,0
DA:49,0
DA:50,0
DA:51,13
DA:57,12
DA:58,12
DA:59,12
DA:61,12
DA:62,12
DA:63,8
DA:64,11
DA:65,6
DA:66,1
DA:67,5
DA:68,5
DA:69,5
DA:70,5
DA:71,5
DA:72,6
DA:73,6
DA:74,12
DA:80,9
DA:81,9
DA:82,9
DA:84,9
DA:85,7
DA:91,1
DA:92,11
DA:93,11
DA:94,11
DA:95,11
DA:96,11
DA:97,11
DA:98,11
DA:103,1
DA:104,9
DA:105,9
DA:106,9
DA:107,9
DA:109,9
DA:110,3
DA:111,3
DA:113,9
DA:114,5
DA:115,5
DA:117,9
DA:118,4
DA:119,4
DA:121,9
DA:122,9
DA:123,9
DA:124,9
DA:125,9
DA:131,10
DA:132,10
DA:134,10
DA:136,10
DA:139,10
DA:142,9
DA:143,9
DA:146,9
DA:149,9
DA:150,9
DA:151,3
DA:152,6
DA:155,10
DA:156,8
DA:157,8
DA:158,6
DA:160,6
DA:161,6
DA:162,6
DA:163,10
DA:164,1
DA:165,1
DA:166,10
DA:167,3
DA:168,3
DA:169,3
DA:170,3
DA:171,3
DA:172,10
LF:106
LH:102
BRDA:26,0,0,13
BRDA:31,1,0,10
BRDA:33,2,0,3
BRDA:34,3,0,2
BRDA:34,4,0,1
BRDA:45,5,0,0
BRDA:57,6,0,12
BRDA:62,7,0,11
BRDA:62,8,0,8
BRDA:64,9,0,6
BRDA:65,10,0,5
BRDA:65,11,0,1
BRDA:69,12,0,0
BRDA:80,13,0,9
BRDA:84,14,0,7
BRDA:91,15,0,11
BRDA:103,16,0,9
BRDA:109,17,0,3
BRDA:113,18,0,5
BRDA:117,19,0,4
BRDA:123,20,0,7
BRDA:123,21,0,2
BRDA:131,22,0,10
BRDA:139,23,0,9
BRDA:150,24,0,3
BRDA:151,25,0,6
BRDA:155,26,0,8
BRDA:157,27,0,6
BRDA:163,28,0,1
BRDA:166,29,0,3
BRDA:167,30,0,2
BRDA:167,31,0,1
BRF:32
BRH:30
end_of_record
TN:
SF:src/services/cursor/config.ts
FN:6,updateCursorMCPConfig
FNF:1
FNH:1
FNDA:10,updateCursorMCPConfig
DA:1,1
DA:6,10
DA:8,10
DA:9,7
LF:4
LH:4
BRDA:6,0,0,10
BRDA:8,1,0,7
BRF:2
BRH:2
end_of_record
TN:
SF:src/services/cursor/mcp-prompts-registry.ts
FN:13,registerMemoryBankPrompts
FN:42,registerPromptGroup
FN:48,registerSinglePrompt
FNF:3
FNH:3
FNDA:52,registerMemoryBankPrompts
FNDA:156,registerPromptGroup
FNDA:468,registerSinglePrompt
DA:2,1
DA:13,1
DA:15,52
DA:16,52
DA:17,52
DA:18,52
DA:19,52
DA:20,52
DA:21,52
DA:22,52
DA:25,52
DA:26,52
DA:27,52
DA:28,52
DA:31,52
DA:32,52
DA:33,52
DA:34,52
DA:37,52
DA:38,52
DA:39,52
DA:40,52
DA:42,156
DA:43,156
DA:44,468
DA:45,468
DA:46,156
DA:48,468
DA:49,468
DA:50,0
DA:51,0
DA:52,0
DA:53,0
DA:54,0
DA:55,0
DA:56,0
DA:57,0
DA:58,0
DA:59,468
DA:60,468
LF:40
LH:31
BRDA:13,0,0,52
BRDA:42,1,0,156
BRDA:43,2,0,468
BRDA:48,3,0,468
BRF:4
BRH:4
end_of_record
TN:
SF:src/services/cursor/mcp-prompts.ts
FN:17,MEMORY_BANK_FILE_MISSING_PROMPT
FN:20,MEMORY_BANK_UPDATE_CONFIRMATION_PROMPT
FNF:2
FNH:2
FNDA:53,MEMORY_BANK_FILE_MISSING_PROMPT
FNDA:53,MEMORY_BANK_UPDATE_CONFIRMATION_PROMPT
DA:1,1
DA:11,1
DA:12,1
DA:14,1
DA:15,1
DA:17,1
DA:18,53
DA:20,1
DA:21,53
DA:23,1
DA:24,1
DA:26,1
DA:27,1
DA:29,1
DA:30,1
LF:15
LH:15
BRDA:17,0,0,53
BRDA:20,1,0,53
BRF:2
BRH:2
end_of_record
TN:
SF:src/services/cursor/rules-service.ts
FN:4,<instance_members_initializer>
FN:7,CursorRulesService
FN:9,createRulesFile
FN:24,getWorkspaceRoot
FN:33,checkFileOverwrite
FN:55,writeRuleFile
FN:66,ensureDirectoryExists
FNF:7
FNH:7
FNDA:9,<instance_members_initializer>
FNDA:9,CursorRulesService
FNDA:9,createRulesFile
FNDA:9,getWorkspaceRoot
FNDA:8,checkFileOverwrite
FNDA:6,writeRuleFile
FNDA:8,ensureDirectoryExists
DA:1,1
DA:2,1
DA:4,1
DA:5,9
DA:7,9
DA:9,9
DA:10,9
DA:11,9
DA:13,8
DA:14,8
DA:16,8
DA:18,8
DA:19,8
DA:21,6
DA:22,9
DA:24,9
DA:25,9
DA:26,9
DA:27,1
DA:28,1
DA:29,1
DA:30,8
DA:31,9
DA:33,9
DA:34,8
DA:35,8
DA:37,3
DA:38,3
DA:39,3
DA:40,3
DA:41,3
DA:42,3
DA:44,8
DA:45,2
DA:46,2
DA:47,2
DA:48,1
DA:49,8
DA:51,5
DA:52,5
DA:53,8
DA:55,9
DA:56,6
DA:57,6
DA:58,6
DA:59,6
DA:60,6
DA:61,1
DA:62,1
DA:63,1
DA:64,6
DA:66,9
DA:67,8
DA:68,8
DA:69,8
DA:70,8
DA:71,0
DA:72,0
DA:73,0
DA:74,8
DA:75,9
LF:61
LH:58
BRDA:4,0,0,9
BRDA:7,1,0,9
BRDA:9,2,0,9
BRDA:11,3,0,1
BRDA:11,4,0,8
BRDA:19,5,0,2
BRDA:19,6,0,6
BRDA:21,7,0,5
BRDA:24,8,0,9
BRDA:26,9,0,1
BRDA:29,10,0,8
BRDA:33,11,0,8
BRDA:35,12,0,3
BRDA:44,13,0,2
BRDA:47,14,0,1
BRDA:49,15,0,5
BRDA:55,16,0,6
BRDA:59,17,0,5
BRDA:60,18,0,1
BRDA:66,19,0,8
BRDA:70,20,0,0
BRF:21
BRH:20
end_of_record
TN:
SF:src/services/cursor/rules.ts
FN:7,loadMemoryBankRulesContent
FN:21,getCursorMemoryBankRulesFile
FNF:2
FNH:2
FNDA:2,loadMemoryBankRulesContent
FNDA:2,getCursorMemoryBankRulesFile
DA:1,1
DA:2,1
DA:5,1
DA:7,2
DA:8,2
DA:9,2
DA:10,2
DA:11,2
DA:12,2
DA:13,2
DA:14,2
DA:15,2
DA:17,1
DA:19,1
DA:21,2
DA:22,2
DA:23,2
DA:29,2
DA:31,2
LF:19
LH:19
BRDA:7,0,0,2
BRDA:21,1,0,2
BRF:2
BRH:2
end_of_record
TN:
SF:src/services/templates/core-templates.ts
FNF:0
FNH:0
DA:1,1
DA:3,1
DA:4,1
DA:5,1
DA:6,1
DA:45,1
DA:46,1
DA:47,1
DA:48,1
DA:93,1
DA:94,1
DA:95,1
DA:96,1
DA:145,1
DA:146,1
LF:15
LH:15
BRF:0
BRH:0
end_of_record
TN:
SF:src/services/templates/memory-bank-templates.ts
FNF:0
FNH:0
DA:2,1
LF:1
LH:1
BRF:0
BRH:0
end_of_record
TN:
SF:src/services/templates/progress-templates.ts
FNF:0
FNH:0
DA:1,1
DA:3,1
DA:4,1
DA:5,1
DA:6,1
DA:46,1
DA:47,1
DA:48,1
DA:49,1
DA:118,1
DA:119,1
DA:120,1
DA:121,1
DA:206,1
DA:207,1
LF:15
LH:15
BRF:0
BRH:0
end_of_record
TN:
SF:src/services/templates/system-templates.ts
FNF:0
FNH:0
DA:1,1
DA:3,1
DA:4,1
DA:5,1
DA:6,1
DA:52,1
DA:53,1
DA:54,1
DA:55,1
DA:138,1
DA:139,1
DA:140,1
DA:141,1
DA:214,1
DA:215,1
DA:216,1
DA:217,1
DA:282,1
DA:283,1
LF:19
LH:19
BRF:0
BRH:0
end_of_record
TN:
SF:src/services/templates/tech-templates.ts
FNF:0
FNH:0
DA:1,1
DA:3,1
DA:4,1
DA:5,1
DA:6,1
DA:53,1
DA:54,1
DA:55,1
DA:56,1
DA:155,1
DA:156,1
DA:157,1
DA:158,1
DA:245,1
DA:246,1
DA:247,1
DA:248,1
DA:367,1
DA:368,1
LF:19
LH:19
BRF:0
BRH:0
end_of_record
TN:
SF:src/services/templates/template-registry.ts
FN:18,getTemplateForFileType
FNF:1
FNH:1
FNDA:3,getTemplateForFileType
DA:2,1
DA:3,1
DA:4,1
DA:5,1
DA:7,1
DA:8,1
DA:11,1
DA:12,1
DA:13,1
DA:14,1
DA:15,1
DA:16,1
DA:18,1
DA:19,3
DA:20,3
LF:15
LH:15
BRDA:18,0,0,3
BRDA:19,1,0,1
BRF:2
BRH:2
end_of_record
TN:
SF:src/services/validation/file-validation.ts
FN:18,validateMemoryBankDirectory
FN:38,validateSingleFile
FN:78,validateAllMemoryBankFiles
FNF:3
FNH:2
FNDA:8,validateMemoryBankDirectory
FNDA:3,validateSingleFile
FNDA:0,validateAllMemoryBankFiles
DA:8,1
DA:10,1
DA:12,1
DA:18,8
DA:19,8
DA:20,8
DA:21,6
DA:23,7
DA:24,5
DA:25,5
DA:27,6
DA:28,8
DA:29,2
DA:30,2
DA:31,2
DA:32,8
DA:38,3
DA:39,3
DA:40,3
DA:41,3
DA:42,3
DA:44,3
DA:45,3
DA:47,3
DA:48,1
DA:49,1
DA:50,1
DA:51,1
DA:52,1
DA:53,1
DA:54,1
DA:55,1
DA:57,1
DA:58,1
DA:59,1
DA:60,1
DA:61,1
DA:62,1
DA:63,1
DA:64,1
DA:65,1
DA:66,1
DA:67,1
DA:68,1
DA:69,1
DA:70,1
DA:71,1
DA:72,3
DA:78,0
DA:82,0
DA:83,0
DA:84,0
DA:85,0
DA:86,0
DA:88,0
DA:89,0
DA:90,0
DA:92,0
DA:93,0
DA:94,0
DA:95,0
DA:96,0
DA:98,0
DA:99,0
LF:64
LH:48
BRDA:18,0,0,8
BRDA:20,1,0,7
BRDA:20,2,0,6
BRDA:23,3,0,5
BRDA:25,4,0,6
BRDA:28,5,0,2
BRDA:38,6,0,3
BRDA:45,7,0,2
BRDA:47,8,0,1
BRDA:69,9,0,0
BRF:10
BRH:9
end_of_record
TN:
SF:src/services/validation/index.ts
FN:1,(empty-report)
FNF:1
FNH:1
FNDA:1,(empty-report)
DA:7,0
DA:8,0
DA:9,0
LF:3
LH:0
BRDA:1,0,0,1
BRF:1
BRH:1
end_of_record
TN:
SF:src/services/validation/security.ts
FN:22,_validatePathWithinRoot
FN:46,sanitizePath
FN:86,validateMemoryBankPath
FN:117,validateCommand
FN:132,validateCommandArgs
FN:162,validateProcessConfig
FN:199,validatePort
FN:214,validateEnvironmentVariables
FN:258,sanitizeUserInput
FN:290,sanitizeFileContent
FN:321,auditInput
FNF:11
FNH:10
FNDA:2,_validatePathWithinRoot
FNDA:9,sanitizePath
FNDA:2,validateMemoryBankPath
FNDA:8,validateCommand
FNDA:7,validateCommandArgs
FNDA:2,validateProcessConfig
FNDA:6,validatePort
FNDA:0,validateEnvironmentVariables
FNDA:9,sanitizeUserInput
FNDA:3,sanitizeFileContent
FNDA:5,auditInput
DA:5,1
DA:6,1
DA:7,1
DA:22,2
DA:23,2
DA:24,2
DA:28,2
DA:29,2
DA:30,2
DA:32,2
DA:33,0
DA:34,0
DA:35,0
DA:36,0
DA:37,0
DA:38,0
DA:39,0
DA:40,2
DA:46,1
DA:48,9
DA:49,0
DA:50,0
DA:53,9
DA:55,9
DA:56,1
DA:57,1
DA:58,1
DA:59,1
DA:60,1
DA:63,9
DA:64,3
DA:65,3
DA:68,9
DA:69,1
DA:70,1
DA:73,4
DA:76,9
DA:77,2
DA:78,2
DA:80,4
DA:81,4
DA:86,1
DA:87,2
DA:89,2
DA:92,2
DA:95,2
DA:97,2
DA:98,2
DA:99,1
DA:100,0
DA:101,0
DA:102,1
DA:103,1
DA:104,1
DA:105,1
DA:106,1
DA:107,1
DA:108,2
DA:117,1
DA:118,8
DA:119,8
DA:120,8
DA:121,4
DA:122,4
DA:123,4
DA:124,4
DA:125,4
DA:126,4
DA:127,8
DA:132,1
DA:133,7
DA:134,1
DA:135,1
DA:137,6
DA:138,7
DA:139,1
DA:140,1
DA:141,1
DA:142,1
DA:143,1
DA:144,1
DA:147,7
DA:148,2
DA:149,2
DA:150,2
DA:151,2
DA:152,2
DA:153,2
DA:155,4
DA:156,6
DA:157,6
DA:162,1
DA:163,2
DA:164,2
DA:166,2
DA:167,2
DA:168,2
DA:169,2
DA:172,2
DA:173,0
DA:174,0
DA:177,2
DA:178,1
DA:179,1
DA:180,1
DA:181,0
DA:182,0
DA:185,2
DA:186,0
DA:187,0
DA:189,1
DA:190,1
DA:199,1
DA:200,6
DA:201,6
DA:202,6
DA:203,3
DA:204,3
DA:205,3
DA:206,3
DA:207,3
DA:208,3
DA:209,6
DA:214,1
DA:215,0
DA:217,0
DA:219,0
DA:220,0
DA:221,0
DA:222,0
DA:223,0
DA:224,0
DA:225,0
DA:228,0
DA:229,0
DA:230,0
DA:231,0
DA:232,0
DA:233,0
DA:234,0
DA:237,0
DA:238,0
DA:239,0
DA:240,0
DA:241,0
DA:242,0
DA:243,0
DA:245,0
DA:246,0
DA:248,0
DA:249,0
DA:258,1
DA:259,9
DA:260,0
DA:261,0
DA:264,9
DA:267,9
DA:268,9
DA:269,9
DA:270,2146
DA:272,2146
DA:273,9
DA:274,9
DA:277,9
DA:280,9
DA:281,1
DA:282,1
DA:284,9
DA:285,9
DA:290,1
DA:291,3
DA:292,0
DA:293,0
DA:296,3
DA:297,1
DA:298,1
DA:299,1
DA:300,1
DA:301,1
DA:302,1
DA:305,2
DA:307,3
DA:308,1
DA:309,1
DA:311,1
DA:312,1
DA:321,1
DA:322,5
DA:323,5
DA:324,5
DA:325,5
DA:326,5
DA:328,5
DA:330,5
DA:333,5
DA:334,1
DA:335,1
DA:338,5
DA:339,5
DA:340,1
DA:341,1
DA:343,5
DA:344,1
DA:345,1
DA:347,5
DA:348,3
DA:349,3
DA:350,5
DA:351,0
DA:352,0
DA:355,5
DA:357,5
DA:358,5
LF:213
LH:163
BRDA:22,0,0,2
BRDA:28,1,0,0
BRDA:30,2,0,0
BRDA:32,3,0,0
BRDA:46,4,0,9
BRDA:48,5,0,0
BRDA:55,6,0,1
BRDA:60,7,0,8
BRDA:63,8,0,3
BRDA:65,9,0,5
BRDA:68,10,0,2
BRDA:68,11,0,1
BRDA:70,12,0,4
BRDA:76,13,0,2
BRDA:78,14,0,4
BRDA:86,15,0,2
BRDA:98,16,0,1
BRDA:99,17,0,0
BRDA:103,18,0,0
BRDA:117,19,0,8
BRDA:120,20,0,4
BRDA:122,21,0,0
BRDA:132,22,0,7
BRDA:133,23,0,1
BRDA:135,24,0,6
BRDA:137,25,0,7
BRDA:138,26,0,1
BRDA:144,27,0,6
BRDA:147,28,0,5
BRDA:147,29,0,4
BRDA:147,30,0,4
BRDA:147,31,0,2
BRDA:153,32,0,4
BRDA:162,33,0,2
BRDA:172,34,0,0
BRDA:177,35,0,1
BRDA:180,36,0,0
BRDA:185,37,0,0
BRDA:187,38,0,1
BRDA:199,39,0,6
BRDA:202,40,0,3
BRDA:204,41,0,0
BRDA:258,42,0,9
BRDA:259,43,0,0
BRDA:280,44,0,1
BRDA:269,45,0,2146
BRDA:272,46,0,3
BRDA:272,47,0,2
BRDA:272,48,0,1
BRDA:290,49,0,3
BRDA:291,50,0,0
BRDA:296,51,0,1
BRDA:302,52,0,2
BRDA:307,53,0,1
BRDA:321,54,0,5
BRDA:333,55,0,1
BRDA:339,56,0,1
BRDA:343,57,0,1
BRDA:347,58,0,3
BRDA:350,59,0,0
BRDA:355,60,0,1
BRF:61
BRH:47
end_of_record
TN:
SF:src/services/validation/type-guards.ts
FN:22,isValidMemoryBankFileType
FN:29,isString
FN:36,isNonEmptyString
FN:44,validateFileType
FN:57,validateNonEmptyString
FN:67,hasProperty
FN:74,getProperty
FNF:7
FNH:2
FNDA:2,isValidMemoryBankFileType
FNDA:0,isString
FNDA:0,isNonEmptyString
FNDA:2,validateFileType
FNDA:0,validateNonEmptyString
FNDA:0,hasProperty
FNDA:0,getProperty
DA:8,1
DA:11,1
DA:17,1
DA:22,1
DA:23,2
DA:24,2
DA:29,1
DA:30,0
DA:31,0
DA:36,1
DA:37,0
DA:38,0
DA:44,1
DA:45,2
DA:46,0
DA:47,0
DA:48,0
DA:49,0
DA:50,2
DA:51,2
DA:57,1
DA:58,0
DA:59,0
DA:60,0
DA:61,0
DA:62,0
DA:67,1
DA:68,0
DA:69,0
DA:74,1
DA:75,0
DA:76,0
DA:77,0
DA:78,0
DA:79,0
DA:80,0
DA:81,0
DA:82,0
DA:83,0
DA:84,0
LF:40
LH:15
BRDA:22,0,0,2
BRDA:44,1,0,2
BRDA:45,2,0,0
BRF:3
BRH:2
end_of_record
TN:
SF:src/test/test-utils/fs-mock-helpers.ts
FN:1,(empty-report)
FNF:1
FNH:1
FNDA:1,(empty-report)
DA:3,0
DA:6,0
DA:7,0
DA:8,0
DA:9,0
DA:10,0
DA:11,0
DA:12,0
DA:14,0
DA:15,0
DA:17,0
DA:18,0
DA:19,0
DA:20,0
DA:21,0
DA:22,0
DA:23,0
DA:24,0
DA:25,0
DA:26,0
DA:27,0
DA:28,0
DA:29,0
DA:31,0
DA:32,0
DA:33,0
DA:34,0
DA:35,0
DA:36,0
DA:37,0
DA:39,0
DA:40,0
DA:41,0
DA:43,0
DA:44,0
DA:45,0
DA:46,0
DA:47,0
DA:48,0
DA:50,0
DA:51,0
DA:52,0
DA:53,0
DA:54,0
DA:56,0
DA:57,0
DA:58,0
DA:61,0
DA:62,0
DA:63,0
DA:64,0
DA:65,0
DA:66,0
DA:67,0
DA:69,0
DA:70,0
DA:71,0
DA:72,0
DA:73,0
DA:74,0
DA:75,0
DA:76,0
DA:78,0
DA:79,0
DA:80,0
DA:81,0
DA:82,0
DA:84,0
DA:85,0
DA:86,0
DA:89,0
DA:90,0
DA:92,0
DA:94,0
DA:95,0
DA:96,0
DA:97,0
DA:100,0
DA:101,0
DA:102,0
DA:103,0
DA:104,0
DA:105,0
DA:106,0
DA:108,0
DA:109,0
DA:116,0
DA:117,0
DA:119,0
DA:120,0
DA:121,0
DA:123,0
DA:124,0
DA:125,0
DA:126,0
DA:127,0
DA:128,0
DA:129,0
DA:130,0
DA:131,0
DA:132,0
DA:135,0
DA:136,0
DA:137,0
DA:139,0
DA:140,0
DA:141,0
DA:142,0
DA:144,0
DA:145,0
DA:146,0
DA:148,0
DA:149,0
DA:150,0
DA:152,0
DA:153,0
DA:154,0
LF:117
LH:0
BRDA:1,0,0,1
BRF:1
BRH:1
end_of_record
TN:
SF:src/test/test-utils/test-utils.ts
FN:1,(empty-report)
FNF:1
FNH:1
FNDA:1,(empty-report)
DA:2,0
DA:3,0
DA:4,0
DA:5,0
LF:4
LH:0
BRDA:1,0,0,1
BRF:1
BRH:1
end_of_record
TN:
SF:src/types/cache.ts
FNF:0
FNH:0
LF:0
LH:0
BRF:0
BRH:0
end_of_record
TN:
SF:src/types/config.ts
FN:1,(empty-report)
FNF:1
FNH:1
FNDA:1,(empty-report)
LF:0
LH:0
BRDA:1,0,0,1
BRF:1
BRH:1
end_of_record
TN:
SF:src/types/core.ts
FNF:0
FNH:0
DA:29,1
DA:31,1
DA:32,1
DA:33,1
DA:36,1
DA:37,1
DA:38,1
DA:41,1
DA:42,1
DA:43,1
DA:44,1
DA:46,1
DA:47,1
DA:48,1
DA:49,1
LF:15
LH:15
BRDA:29,0,0,10
BRF:1
BRH:1
end_of_record
TN:
SF:src/types/errorHandling.ts
FN:29,isSuccess
FN:36,isError
FN:43,success
FN:50,error
FN:57,tryCatch
FN:69,tryCatchAsync
FN:87,MemoryBankError
FN:104,FileOperationError
FN:115,ValidationError
FN:126,CacheError
FN:139,isMemoryBankError
FN:146,isFileOperationError
FN:153,isValidationError
FNF:13
FNH:8
FNDA:43,isSuccess
FNDA:52,isError
FNDA:12,success
FNDA:2,error
FNDA:2,tryCatch
FNDA:12,tryCatchAsync
FNDA:22,MemoryBankError
FNDA:0,FileOperationError
FNDA:20,ValidationError
FNDA:0,CacheError
FNDA:0,isMemoryBankError
FNDA:0,isFileOperationError
FNDA:0,isValidationError
DA:29,1
DA:30,43
DA:31,43
DA:36,1
DA:37,52
DA:38,52
DA:43,1
DA:44,12
DA:45,12
DA:50,1
DA:51,2
DA:52,2
DA:57,1
DA:58,2
DA:59,2
DA:60,2
DA:61,2
DA:62,0
DA:63,0
DA:64,2
DA:69,12
DA:70,12
DA:71,12
DA:72,10
DA:73,12
DA:74,2
DA:75,2
DA:76,12
DA:86,1
DA:87,1
DA:88,22
DA:89,22
DA:90,22
DA:91,22
DA:92,22
DA:93,22
DA:96,22
DA:97,22
DA:98,1
DA:103,1
DA:104,1
DA:105,0
DA:106,0
DA:107,0
DA:108,0
DA:109,0
DA:110,0
DA:111,0
DA:112,1
DA:114,1
DA:115,1
DA:116,20
DA:117,20
DA:118,20
DA:119,20
DA:120,20
DA:121,20
DA:122,20
DA:123,1
DA:125,1
DA:126,1
DA:127,0
DA:128,0
DA:129,0
DA:130,1
DA:139,1
DA:140,0
DA:141,0
DA:146,1
DA:147,0
DA:148,0
DA:153,1
DA:154,0
DA:155,0
LF:74
LH:56
BRDA:29,0,0,43
BRDA:36,1,0,52
BRDA:43,2,0,12
BRDA:50,3,0,2
BRDA:57,4,0,2
BRDA:61,5,0,0
BRDA:69,6,0,12
BRDA:71,7,0,10
BRDA:73,8,0,2
BRDA:74,9,0,0
BRDA:87,10,0,22
BRDA:115,11,0,20
BRF:12
BRH:10
end_of_record
TN:
SF:src/types/fileOperations.ts
FNF:0
FNH:0
LF:0
LH:0
BRF:0
BRH:0
end_of_record
TN:
SF:src/types/index.ts
FNF:0
FNH:0
DA:7,1
DA:10,1
DA:13,1
DA:16,1
DA:19,1
DA:36,1
DA:39,1
LF:7
LH:7
BRF:0
BRH:0
end_of_record
TN:
SF:src/types/mcpTypes.ts
FN:99,TypeValidationError
FNF:1
FNH:0
FNDA:0,TypeValidationError
DA:98,1
DA:99,1
DA:100,0
DA:101,0
DA:102,0
DA:103,0
DA:104,0
DA:105,0
DA:106,1
LF:9
LH:3
BRF:0
BRH:0
end_of_record
TN:
SF:src/types/memoryBankSchemas.ts
FN:67,getSchemaForType
FN:74,validateFrontmatter
FNF:2
FNH:0
FNDA:0,getSchemaForType
FNDA:0,validateFrontmatter
DA:6,1
DA:9,1
DA:10,1
DA:11,1
DA:12,1
DA:13,1
DA:14,1
DA:15,1
DA:16,1
DA:17,1
DA:18,1
DA:21,1
DA:22,1
DA:23,1
DA:24,1
DA:25,1
DA:26,1
DA:27,1
DA:30,1
DA:31,1
DA:32,1
DA:33,1
DA:34,1
DA:35,1
DA:38,1
DA:39,1
DA:40,1
DA:41,1
DA:42,1
DA:43,1
DA:46,1
DA:47,1
DA:48,1
DA:49,1
DA:50,1
DA:53,1
DA:56,1
DA:57,1
DA:58,1
DA:59,1
DA:60,1
DA:61,1
DA:62,1
DA:67,1
DA:68,0
DA:69,0
DA:74,1
DA:75,0
DA:76,0
DA:77,0
DA:78,0
DA:79,0
DA:80,0
LF:53
LH:45
BRF:0
BRH:0
end_of_record
TN:
SF:src/types/resources.ts
FNF:0
FNH:0
LF:0
LH:0
BRF:0
BRH:0
end_of_record
TN:
SF:src/types/validation.ts
FN:166,validateMCPToolParams
FN:187,validateWebviewMessage
FN:206,isValidFileType
FN:213,isSafePath
FNF:4
FNH:4
FNDA:4,validateMCPToolParams
FNDA:3,validateWebviewMessage
FNDA:3,isValidFileType
FNDA:3,isSafePath
DA:5,1
DA:6,1
DA:15,1
DA:16,1
DA:17,1
DA:22,1
DA:27,1
DA:28,1
DA:29,1
DA:30,1
DA:31,1
DA:32,1
DA:33,1
DA:38,1
DA:47,1
DA:52,1
DA:57,1
DA:58,1
DA:59,1
DA:60,1
DA:65,1
DA:66,1
DA:67,1
DA:72,1
DA:77,1
DA:82,1
DA:91,1
DA:92,1
DA:93,1
DA:94,1
DA:95,1
DA:96,1
DA:97,1
DA:98,1
DA:99,1
DA:104,1
DA:105,1
DA:106,1
DA:107,1
DA:112,1
DA:113,1
DA:114,1
DA:115,1
DA:116,1
DA:117,1
DA:118,1
DA:119,1
DA:120,1
DA:129,1
DA:130,1
DA:131,1
DA:132,1
DA:133,1
DA:134,8
DA:135,1
DA:136,1
DA:137,1
DA:139,8
DA:140,8
DA:141,1
DA:146,1
DA:147,1
DA:148,1
DA:153,1
DA:154,1
DA:155,1
DA:156,1
DA:157,1
DA:166,1
DA:167,4
DA:168,4
DA:169,4
DA:170,4
DA:171,4
DA:172,4
DA:173,4
DA:174,1
DA:175,1
DA:176,1
DA:177,1
DA:178,1
DA:179,1
DA:180,0
DA:181,0
DA:182,4
DA:187,1
DA:188,3
DA:189,3
DA:190,3
DA:191,3
DA:192,3
DA:193,1
DA:194,1
DA:195,1
DA:196,1
DA:197,1
DA:198,1
DA:199,0
DA:200,0
DA:201,3
DA:206,1
DA:207,3
DA:208,3
DA:213,1
DA:214,3
DA:215,3
LF:106
LH:102
BRDA:31,0,0,5
BRDA:31,1,0,3
BRDA:31,2,0,2
BRDA:133,3,0,8
BRDA:134,4,0,7
BRDA:134,5,0,6
BRDA:134,6,0,6
BRDA:137,7,0,8
BRDA:140,8,0,26
BRDA:166,9,0,4
BRDA:173,10,0,1
BRDA:179,11,0,0
BRDA:176,12,0,2
BRDA:187,13,0,3
BRDA:192,14,0,1
BRDA:198,15,0,0
BRDA:195,16,0,1
BRDA:206,17,0,3
BRDA:213,18,0,3
BRF:19
BRH:17
end_of_record
TN:
SF:src/utils/common/error-helpers.ts
FN:17,getErrorMessage
FN:28,formatErrorMessage
FN:38,logError
FN:48,formatZodError
FNF:4
FNH:2
FNDA:6,getErrorMessage
FNDA:6,formatErrorMessage
FNDA:0,logError
FNDA:0,formatZodError
DA:17,1
DA:18,6
DA:19,6
DA:28,1
DA:29,6
DA:30,6
DA:38,1
DA:39,0
DA:40,0
DA:48,1
DA:49,0
DA:50,0
DA:51,0
DA:53,0
DA:54,0
DA:55,0
DA:56,0
DA:58,0
DA:59,0
LF:19
LH:8
BRDA:17,0,0,6
BRDA:18,1,0,5
BRDA:18,2,0,1
BRDA:28,3,0,6
BRF:4
BRH:4
end_of_record
TN:
SF:src/utils/common/index.ts
FN:1,(empty-report)
FNF:1
FNH:1
FNDA:1,(empty-report)
DA:7,0
LF:1
LH:0
BRDA:1,0,0,1
BRF:1
BRH:1
end_of_record
TN:
SF:src/utils/files/index.ts
FN:1,(empty-report)
FNF:1
FNH:1
FNDA:1,(empty-report)
DA:7,0
LF:1
LH:0
BRDA:1,0,0,1
BRF:1
BRH:1
end_of_record
TN:
SF:src/utils/files/path-validation.ts
FN:15,validateAndConstructFilePath
FN:44,validateAndConstructArbitraryFilePath
FNF:2
FNH:1
FNDA:771,validateAndConstructFilePath
FNDA:0,validateAndConstructArbitraryFilePath
DA:8,1
DA:9,1
DA:15,1
DA:17,771
DA:18,771
DA:19,0
DA:20,0
DA:21,0
DA:22,0
DA:25,771
DA:28,771
DA:29,771
DA:32,771
DA:33,0
DA:34,0
DA:36,771
DA:37,771
DA:44,1
DA:45,0
DA:46,0
DA:47,0
DA:49,0
DA:50,0
DA:51,0
DA:52,0
DA:53,0
DA:54,0
DA:55,0
DA:58,0
DA:61,0
DA:62,0
DA:65,0
DA:66,0
DA:67,0
DA:68,0
DA:69,0
DA:71,0
DA:72,0
LF:38
LH:12
BRDA:15,0,0,771
BRDA:18,1,0,0
BRDA:32,2,0,0
BRDA:32,3,0,0
BRF:4
BRH:1
end_of_record
